[2024-10-21T00:40:12.795+0000] {processor.py:157} INFO - Started process (PID=2466) to work on /opt/airflow/dags/reddit_dag.py
[2024-10-21T00:40:12.797+0000] {processor.py:829} INFO - Processing file /opt/airflow/dags/reddit_dag.py for tasks to queue
[2024-10-21T00:40:12.802+0000] {logging_mixin.py:151} INFO - [2024-10-21T00:40:12.802+0000] {dagbag.py:536} INFO - Filling up the DagBag from /opt/airflow/dags/reddit_dag.py
[2024-10-21T00:40:12.818+0000] {logging_mixin.py:151} INFO - [2024-10-21T00:40:12.814+0000] {dagbag.py:346} ERROR - Failed to import: /opt/airflow/dags/reddit_dag.py
Traceback (most recent call last):
  File "/home/airflow/.local/lib/python3.9/site-packages/airflow/models/dagbag.py", line 342, in parse
    loader.exec_module(new_module)
  File "<frozen importlib._bootstrap_external>", line 850, in exec_module
  File "<frozen importlib._bootstrap>", line 228, in _call_with_frames_removed
  File "/opt/airflow/dags/reddit_dag.py", line 17, in <module>
    dag = DAG(
TypeError: __init__() got an unexpected keyword argument 'schedule_intervel'
[2024-10-21T00:40:12.820+0000] {processor.py:841} WARNING - No viable dags retrieved from /opt/airflow/dags/reddit_dag.py
[2024-10-21T00:40:12.853+0000] {processor.py:179} INFO - Processing /opt/airflow/dags/reddit_dag.py took 0.064 seconds
[2024-10-21T01:35:06.139+0000] {processor.py:157} INFO - Started process (PID=2467) to work on /opt/airflow/dags/reddit_dag.py
[2024-10-21T01:35:06.142+0000] {processor.py:829} INFO - Processing file /opt/airflow/dags/reddit_dag.py for tasks to queue
[2024-10-21T01:35:06.152+0000] {logging_mixin.py:151} INFO - [2024-10-21T01:35:06.151+0000] {dagbag.py:536} INFO - Filling up the DagBag from /opt/airflow/dags/reddit_dag.py
[2024-10-21T01:35:06.179+0000] {logging_mixin.py:151} INFO - [2024-10-21T01:35:06.175+0000] {dagbag.py:346} ERROR - Failed to import: /opt/airflow/dags/reddit_dag.py
Traceback (most recent call last):
  File "/home/airflow/.local/lib/python3.9/site-packages/airflow/models/dagbag.py", line 342, in parse
    loader.exec_module(new_module)
  File "<frozen importlib._bootstrap_external>", line 850, in exec_module
  File "<frozen importlib._bootstrap>", line 228, in _call_with_frames_removed
  File "/opt/airflow/dags/reddit_dag.py", line 17, in <module>
    dag = DAG(
TypeError: __init__() got an unexpected keyword argument 'schedule_intervel'
[2024-10-21T01:35:06.181+0000] {processor.py:841} WARNING - No viable dags retrieved from /opt/airflow/dags/reddit_dag.py
[2024-10-21T01:35:06.242+0000] {processor.py:179} INFO - Processing /opt/airflow/dags/reddit_dag.py took 0.110 seconds
[2024-10-21T03:20:06.810+0000] {processor.py:157} INFO - Started process (PID=2468) to work on /opt/airflow/dags/reddit_dag.py
[2024-10-21T03:20:06.854+0000] {processor.py:829} INFO - Processing file /opt/airflow/dags/reddit_dag.py for tasks to queue
[2024-10-21T03:20:06.858+0000] {logging_mixin.py:151} INFO - [2024-10-21T03:20:06.858+0000] {dagbag.py:536} INFO - Filling up the DagBag from /opt/airflow/dags/reddit_dag.py
[2024-10-21T03:20:06.871+0000] {logging_mixin.py:151} INFO - [2024-10-21T03:20:06.868+0000] {dagbag.py:346} ERROR - Failed to import: /opt/airflow/dags/reddit_dag.py
Traceback (most recent call last):
  File "/home/airflow/.local/lib/python3.9/site-packages/airflow/models/dagbag.py", line 342, in parse
    loader.exec_module(new_module)
  File "<frozen importlib._bootstrap_external>", line 850, in exec_module
  File "<frozen importlib._bootstrap>", line 228, in _call_with_frames_removed
  File "/opt/airflow/dags/reddit_dag.py", line 17, in <module>
    dag = DAG(
TypeError: __init__() got an unexpected keyword argument 'schedule_intervel'
[2024-10-21T03:20:06.872+0000] {processor.py:841} WARNING - No viable dags retrieved from /opt/airflow/dags/reddit_dag.py
[2024-10-21T03:20:06.900+0000] {processor.py:179} INFO - Processing /opt/airflow/dags/reddit_dag.py took 0.094 seconds
[2024-10-21T05:00:10.536+0000] {processor.py:157} INFO - Started process (PID=2469) to work on /opt/airflow/dags/reddit_dag.py
[2024-10-21T05:00:10.623+0000] {processor.py:829} INFO - Processing file /opt/airflow/dags/reddit_dag.py for tasks to queue
[2024-10-21T05:00:10.629+0000] {logging_mixin.py:151} INFO - [2024-10-21T05:00:10.628+0000] {dagbag.py:536} INFO - Filling up the DagBag from /opt/airflow/dags/reddit_dag.py
[2024-10-21T05:00:10.640+0000] {logging_mixin.py:151} INFO - [2024-10-21T05:00:10.637+0000] {dagbag.py:346} ERROR - Failed to import: /opt/airflow/dags/reddit_dag.py
Traceback (most recent call last):
  File "/home/airflow/.local/lib/python3.9/site-packages/airflow/models/dagbag.py", line 342, in parse
    loader.exec_module(new_module)
  File "<frozen importlib._bootstrap_external>", line 850, in exec_module
  File "<frozen importlib._bootstrap>", line 228, in _call_with_frames_removed
  File "/opt/airflow/dags/reddit_dag.py", line 17, in <module>
    dag = DAG(
TypeError: __init__() got an unexpected keyword argument 'schedule_intervel'
[2024-10-21T05:00:10.641+0000] {processor.py:841} WARNING - No viable dags retrieved from /opt/airflow/dags/reddit_dag.py
[2024-10-21T05:00:10.662+0000] {processor.py:179} INFO - Processing /opt/airflow/dags/reddit_dag.py took 0.150 seconds
[2024-10-21T06:22:08.982+0000] {processor.py:157} INFO - Started process (PID=2470) to work on /opt/airflow/dags/reddit_dag.py
[2024-10-21T06:22:08.986+0000] {processor.py:829} INFO - Processing file /opt/airflow/dags/reddit_dag.py for tasks to queue
[2024-10-21T06:22:09.013+0000] {logging_mixin.py:151} INFO - [2024-10-21T06:22:09.011+0000] {dagbag.py:536} INFO - Filling up the DagBag from /opt/airflow/dags/reddit_dag.py
[2024-10-21T06:22:09.060+0000] {logging_mixin.py:151} INFO - [2024-10-21T06:22:09.056+0000] {dagbag.py:346} ERROR - Failed to import: /opt/airflow/dags/reddit_dag.py
Traceback (most recent call last):
  File "/home/airflow/.local/lib/python3.9/site-packages/airflow/models/dagbag.py", line 342, in parse
    loader.exec_module(new_module)
  File "<frozen importlib._bootstrap_external>", line 850, in exec_module
  File "<frozen importlib._bootstrap>", line 228, in _call_with_frames_removed
  File "/opt/airflow/dags/reddit_dag.py", line 17, in <module>
    dag = DAG(
TypeError: __init__() got an unexpected keyword argument 'schedule_intervel'
[2024-10-21T06:22:09.061+0000] {processor.py:841} WARNING - No viable dags retrieved from /opt/airflow/dags/reddit_dag.py
[2024-10-21T06:22:09.131+0000] {processor.py:179} INFO - Processing /opt/airflow/dags/reddit_dag.py took 0.157 seconds
[2024-10-21T07:39:10.431+0000] {processor.py:157} INFO - Started process (PID=2471) to work on /opt/airflow/dags/reddit_dag.py
[2024-10-21T07:39:10.435+0000] {processor.py:829} INFO - Processing file /opt/airflow/dags/reddit_dag.py for tasks to queue
[2024-10-21T07:39:10.441+0000] {logging_mixin.py:151} INFO - [2024-10-21T07:39:10.441+0000] {dagbag.py:536} INFO - Filling up the DagBag from /opt/airflow/dags/reddit_dag.py
[2024-10-21T07:39:10.458+0000] {logging_mixin.py:151} INFO - [2024-10-21T07:39:10.454+0000] {dagbag.py:346} ERROR - Failed to import: /opt/airflow/dags/reddit_dag.py
Traceback (most recent call last):
  File "/home/airflow/.local/lib/python3.9/site-packages/airflow/models/dagbag.py", line 342, in parse
    loader.exec_module(new_module)
  File "<frozen importlib._bootstrap_external>", line 850, in exec_module
  File "<frozen importlib._bootstrap>", line 228, in _call_with_frames_removed
  File "/opt/airflow/dags/reddit_dag.py", line 17, in <module>
    dag = DAG(
TypeError: __init__() got an unexpected keyword argument 'schedule_intervel'
[2024-10-21T07:39:10.460+0000] {processor.py:841} WARNING - No viable dags retrieved from /opt/airflow/dags/reddit_dag.py
[2024-10-21T07:39:10.485+0000] {processor.py:179} INFO - Processing /opt/airflow/dags/reddit_dag.py took 0.079 seconds
[2024-10-21T09:08:51.964+0000] {processor.py:157} INFO - Started process (PID=2472) to work on /opt/airflow/dags/reddit_dag.py
[2024-10-21T09:08:51.967+0000] {processor.py:829} INFO - Processing file /opt/airflow/dags/reddit_dag.py for tasks to queue
[2024-10-21T09:08:51.974+0000] {logging_mixin.py:151} INFO - [2024-10-21T09:08:51.973+0000] {dagbag.py:536} INFO - Filling up the DagBag from /opt/airflow/dags/reddit_dag.py
[2024-10-21T09:08:52.000+0000] {logging_mixin.py:151} INFO - [2024-10-21T09:08:51.994+0000] {dagbag.py:346} ERROR - Failed to import: /opt/airflow/dags/reddit_dag.py
Traceback (most recent call last):
  File "/home/airflow/.local/lib/python3.9/site-packages/airflow/models/dagbag.py", line 342, in parse
    loader.exec_module(new_module)
  File "<frozen importlib._bootstrap_external>", line 850, in exec_module
  File "<frozen importlib._bootstrap>", line 228, in _call_with_frames_removed
  File "/opt/airflow/dags/reddit_dag.py", line 17, in <module>
    dag = DAG(
TypeError: __init__() got an unexpected keyword argument 'schedule_intervel'
[2024-10-21T09:08:52.001+0000] {processor.py:841} WARNING - No viable dags retrieved from /opt/airflow/dags/reddit_dag.py
[2024-10-21T09:08:52.058+0000] {processor.py:179} INFO - Processing /opt/airflow/dags/reddit_dag.py took 0.109 seconds
[2024-10-21T10:30:17.806+0000] {processor.py:157} INFO - Started process (PID=2473) to work on /opt/airflow/dags/reddit_dag.py
[2024-10-21T10:30:17.812+0000] {processor.py:829} INFO - Processing file /opt/airflow/dags/reddit_dag.py for tasks to queue
[2024-10-21T10:30:17.819+0000] {logging_mixin.py:151} INFO - [2024-10-21T10:30:17.818+0000] {dagbag.py:536} INFO - Filling up the DagBag from /opt/airflow/dags/reddit_dag.py
[2024-10-21T10:30:17.912+0000] {logging_mixin.py:151} INFO - [2024-10-21T10:30:17.897+0000] {dagbag.py:346} ERROR - Failed to import: /opt/airflow/dags/reddit_dag.py
Traceback (most recent call last):
  File "/home/airflow/.local/lib/python3.9/site-packages/airflow/models/dagbag.py", line 342, in parse
    loader.exec_module(new_module)
  File "<frozen importlib._bootstrap_external>", line 850, in exec_module
  File "<frozen importlib._bootstrap>", line 228, in _call_with_frames_removed
  File "/opt/airflow/dags/reddit_dag.py", line 17, in <module>
    dag = DAG(
TypeError: __init__() got an unexpected keyword argument 'schedule_intervel'
[2024-10-21T10:30:17.913+0000] {processor.py:841} WARNING - No viable dags retrieved from /opt/airflow/dags/reddit_dag.py
[2024-10-21T10:30:17.970+0000] {processor.py:179} INFO - Processing /opt/airflow/dags/reddit_dag.py took 0.190 seconds
[2024-10-21T11:54:14.298+0000] {processor.py:157} INFO - Started process (PID=2474) to work on /opt/airflow/dags/reddit_dag.py
[2024-10-21T11:54:14.301+0000] {processor.py:829} INFO - Processing file /opt/airflow/dags/reddit_dag.py for tasks to queue
[2024-10-21T11:54:14.307+0000] {logging_mixin.py:151} INFO - [2024-10-21T11:54:14.306+0000] {dagbag.py:536} INFO - Filling up the DagBag from /opt/airflow/dags/reddit_dag.py
[2024-10-21T11:54:14.319+0000] {logging_mixin.py:151} INFO - [2024-10-21T11:54:14.316+0000] {dagbag.py:346} ERROR - Failed to import: /opt/airflow/dags/reddit_dag.py
Traceback (most recent call last):
  File "/home/airflow/.local/lib/python3.9/site-packages/airflow/models/dagbag.py", line 342, in parse
    loader.exec_module(new_module)
  File "<frozen importlib._bootstrap_external>", line 850, in exec_module
  File "<frozen importlib._bootstrap>", line 228, in _call_with_frames_removed
  File "/opt/airflow/dags/reddit_dag.py", line 17, in <module>
    dag = DAG(
TypeError: __init__() got an unexpected keyword argument 'schedule_intervel'
[2024-10-21T11:54:14.321+0000] {processor.py:841} WARNING - No viable dags retrieved from /opt/airflow/dags/reddit_dag.py
[2024-10-21T11:54:14.348+0000] {processor.py:179} INFO - Processing /opt/airflow/dags/reddit_dag.py took 0.057 seconds
[2024-10-21T13:31:28.277+0000] {processor.py:157} INFO - Started process (PID=2475) to work on /opt/airflow/dags/reddit_dag.py
[2024-10-21T13:31:28.279+0000] {processor.py:829} INFO - Processing file /opt/airflow/dags/reddit_dag.py for tasks to queue
[2024-10-21T13:31:28.414+0000] {logging_mixin.py:151} INFO - [2024-10-21T13:31:28.414+0000] {dagbag.py:536} INFO - Filling up the DagBag from /opt/airflow/dags/reddit_dag.py
[2024-10-21T13:31:28.487+0000] {logging_mixin.py:151} INFO - [2024-10-21T13:31:28.428+0000] {dagbag.py:346} ERROR - Failed to import: /opt/airflow/dags/reddit_dag.py
Traceback (most recent call last):
  File "/home/airflow/.local/lib/python3.9/site-packages/airflow/models/dagbag.py", line 342, in parse
    loader.exec_module(new_module)
  File "<frozen importlib._bootstrap_external>", line 850, in exec_module
  File "<frozen importlib._bootstrap>", line 228, in _call_with_frames_removed
  File "/opt/airflow/dags/reddit_dag.py", line 17, in <module>
    dag = DAG(
TypeError: __init__() got an unexpected keyword argument 'schedule_intervel'
[2024-10-21T13:31:28.494+0000] {processor.py:841} WARNING - No viable dags retrieved from /opt/airflow/dags/reddit_dag.py
[2024-10-21T13:31:28.576+0000] {processor.py:179} INFO - Processing /opt/airflow/dags/reddit_dag.py took 0.306 seconds
[2024-10-21T14:54:56.728+0000] {processor.py:157} INFO - Started process (PID=2476) to work on /opt/airflow/dags/reddit_dag.py
[2024-10-21T14:54:56.736+0000] {processor.py:829} INFO - Processing file /opt/airflow/dags/reddit_dag.py for tasks to queue
[2024-10-21T14:54:56.743+0000] {logging_mixin.py:151} INFO - [2024-10-21T14:54:56.742+0000] {dagbag.py:536} INFO - Filling up the DagBag from /opt/airflow/dags/reddit_dag.py
[2024-10-21T14:54:56.769+0000] {logging_mixin.py:151} INFO - [2024-10-21T14:54:56.754+0000] {dagbag.py:346} ERROR - Failed to import: /opt/airflow/dags/reddit_dag.py
Traceback (most recent call last):
  File "/home/airflow/.local/lib/python3.9/site-packages/airflow/models/dagbag.py", line 342, in parse
    loader.exec_module(new_module)
  File "<frozen importlib._bootstrap_external>", line 850, in exec_module
  File "<frozen importlib._bootstrap>", line 228, in _call_with_frames_removed
  File "/opt/airflow/dags/reddit_dag.py", line 17, in <module>
    dag = DAG(
TypeError: __init__() got an unexpected keyword argument 'schedule_intervel'
[2024-10-21T14:54:56.771+0000] {processor.py:841} WARNING - No viable dags retrieved from /opt/airflow/dags/reddit_dag.py
[2024-10-21T14:54:56.813+0000] {processor.py:179} INFO - Processing /opt/airflow/dags/reddit_dag.py took 0.096 seconds
[2024-10-21T16:05:13.741+0000] {processor.py:157} INFO - Started process (PID=2477) to work on /opt/airflow/dags/reddit_dag.py
[2024-10-21T16:05:13.744+0000] {processor.py:829} INFO - Processing file /opt/airflow/dags/reddit_dag.py for tasks to queue
[2024-10-21T16:05:13.752+0000] {logging_mixin.py:151} INFO - [2024-10-21T16:05:13.752+0000] {dagbag.py:536} INFO - Filling up the DagBag from /opt/airflow/dags/reddit_dag.py
[2024-10-21T16:05:13.769+0000] {logging_mixin.py:151} INFO - [2024-10-21T16:05:13.765+0000] {dagbag.py:346} ERROR - Failed to import: /opt/airflow/dags/reddit_dag.py
Traceback (most recent call last):
  File "/home/airflow/.local/lib/python3.9/site-packages/airflow/models/dagbag.py", line 342, in parse
    loader.exec_module(new_module)
  File "<frozen importlib._bootstrap_external>", line 850, in exec_module
  File "<frozen importlib._bootstrap>", line 228, in _call_with_frames_removed
  File "/opt/airflow/dags/reddit_dag.py", line 17, in <module>
    dag = DAG(
TypeError: __init__() got an unexpected keyword argument 'schedule_intervel'
[2024-10-21T16:05:13.771+0000] {processor.py:841} WARNING - No viable dags retrieved from /opt/airflow/dags/reddit_dag.py
[2024-10-21T16:05:13.813+0000] {processor.py:179} INFO - Processing /opt/airflow/dags/reddit_dag.py took 0.081 seconds
[2024-10-21T17:06:47.841+0000] {processor.py:157} INFO - Started process (PID=2478) to work on /opt/airflow/dags/reddit_dag.py
[2024-10-21T17:06:47.844+0000] {processor.py:829} INFO - Processing file /opt/airflow/dags/reddit_dag.py for tasks to queue
[2024-10-21T17:06:47.850+0000] {logging_mixin.py:151} INFO - [2024-10-21T17:06:47.850+0000] {dagbag.py:536} INFO - Filling up the DagBag from /opt/airflow/dags/reddit_dag.py
[2024-10-21T17:06:47.877+0000] {logging_mixin.py:151} INFO - [2024-10-21T17:06:47.872+0000] {dagbag.py:346} ERROR - Failed to import: /opt/airflow/dags/reddit_dag.py
Traceback (most recent call last):
  File "/home/airflow/.local/lib/python3.9/site-packages/airflow/models/dagbag.py", line 342, in parse
    loader.exec_module(new_module)
  File "<frozen importlib._bootstrap_external>", line 850, in exec_module
  File "<frozen importlib._bootstrap>", line 228, in _call_with_frames_removed
  File "/opt/airflow/dags/reddit_dag.py", line 17, in <module>
    dag = DAG(
TypeError: __init__() got an unexpected keyword argument 'schedule_intervel'
[2024-10-21T17:06:47.879+0000] {processor.py:841} WARNING - No viable dags retrieved from /opt/airflow/dags/reddit_dag.py
[2024-10-21T17:06:47.921+0000] {processor.py:179} INFO - Processing /opt/airflow/dags/reddit_dag.py took 0.091 seconds
[2024-10-21T18:49:13.054+0000] {processor.py:157} INFO - Started process (PID=2479) to work on /opt/airflow/dags/reddit_dag.py
[2024-10-21T18:49:13.057+0000] {processor.py:829} INFO - Processing file /opt/airflow/dags/reddit_dag.py for tasks to queue
[2024-10-21T18:49:13.064+0000] {logging_mixin.py:151} INFO - [2024-10-21T18:49:13.063+0000] {dagbag.py:536} INFO - Filling up the DagBag from /opt/airflow/dags/reddit_dag.py
[2024-10-21T18:49:13.090+0000] {logging_mixin.py:151} INFO - [2024-10-21T18:49:13.087+0000] {dagbag.py:346} ERROR - Failed to import: /opt/airflow/dags/reddit_dag.py
Traceback (most recent call last):
  File "/home/airflow/.local/lib/python3.9/site-packages/airflow/models/dagbag.py", line 342, in parse
    loader.exec_module(new_module)
  File "<frozen importlib._bootstrap_external>", line 850, in exec_module
  File "<frozen importlib._bootstrap>", line 228, in _call_with_frames_removed
  File "/opt/airflow/dags/reddit_dag.py", line 17, in <module>
    dag = DAG(
TypeError: __init__() got an unexpected keyword argument 'schedule_intervel'
[2024-10-21T18:49:13.092+0000] {processor.py:841} WARNING - No viable dags retrieved from /opt/airflow/dags/reddit_dag.py
[2024-10-21T18:49:13.131+0000] {processor.py:179} INFO - Processing /opt/airflow/dags/reddit_dag.py took 0.094 seconds
[2024-10-21T20:19:24.416+0000] {processor.py:157} INFO - Started process (PID=2480) to work on /opt/airflow/dags/reddit_dag.py
[2024-10-21T20:19:24.430+0000] {processor.py:829} INFO - Processing file /opt/airflow/dags/reddit_dag.py for tasks to queue
[2024-10-21T20:19:24.438+0000] {logging_mixin.py:151} INFO - [2024-10-21T20:19:24.437+0000] {dagbag.py:536} INFO - Filling up the DagBag from /opt/airflow/dags/reddit_dag.py
[2024-10-21T20:19:24.463+0000] {logging_mixin.py:151} INFO - [2024-10-21T20:19:24.459+0000] {dagbag.py:346} ERROR - Failed to import: /opt/airflow/dags/reddit_dag.py
Traceback (most recent call last):
  File "/home/airflow/.local/lib/python3.9/site-packages/airflow/models/dagbag.py", line 342, in parse
    loader.exec_module(new_module)
  File "<frozen importlib._bootstrap_external>", line 850, in exec_module
  File "<frozen importlib._bootstrap>", line 228, in _call_with_frames_removed
  File "/opt/airflow/dags/reddit_dag.py", line 17, in <module>
    dag = DAG(
TypeError: __init__() got an unexpected keyword argument 'schedule_intervel'
[2024-10-21T20:19:24.464+0000] {processor.py:841} WARNING - No viable dags retrieved from /opt/airflow/dags/reddit_dag.py
[2024-10-21T20:19:24.510+0000] {processor.py:179} INFO - Processing /opt/airflow/dags/reddit_dag.py took 0.107 seconds
[2024-10-21T21:55:14.778+0000] {processor.py:157} INFO - Started process (PID=2481) to work on /opt/airflow/dags/reddit_dag.py
[2024-10-21T21:55:14.781+0000] {processor.py:829} INFO - Processing file /opt/airflow/dags/reddit_dag.py for tasks to queue
[2024-10-21T21:55:14.792+0000] {logging_mixin.py:151} INFO - [2024-10-21T21:55:14.792+0000] {dagbag.py:536} INFO - Filling up the DagBag from /opt/airflow/dags/reddit_dag.py
[2024-10-21T21:55:14.807+0000] {logging_mixin.py:151} INFO - [2024-10-21T21:55:14.803+0000] {dagbag.py:346} ERROR - Failed to import: /opt/airflow/dags/reddit_dag.py
Traceback (most recent call last):
  File "/home/airflow/.local/lib/python3.9/site-packages/airflow/models/dagbag.py", line 342, in parse
    loader.exec_module(new_module)
  File "<frozen importlib._bootstrap_external>", line 850, in exec_module
  File "<frozen importlib._bootstrap>", line 228, in _call_with_frames_removed
  File "/opt/airflow/dags/reddit_dag.py", line 17, in <module>
    dag = DAG(
TypeError: __init__() got an unexpected keyword argument 'schedule_intervel'
[2024-10-21T21:55:14.809+0000] {processor.py:841} WARNING - No viable dags retrieved from /opt/airflow/dags/reddit_dag.py
[2024-10-21T21:55:14.835+0000] {processor.py:179} INFO - Processing /opt/airflow/dags/reddit_dag.py took 0.064 seconds
[2024-10-21T23:22:11.364+0000] {processor.py:157} INFO - Started process (PID=2482) to work on /opt/airflow/dags/reddit_dag.py
[2024-10-21T23:22:11.367+0000] {processor.py:829} INFO - Processing file /opt/airflow/dags/reddit_dag.py for tasks to queue
[2024-10-21T23:22:11.373+0000] {logging_mixin.py:151} INFO - [2024-10-21T23:22:11.373+0000] {dagbag.py:536} INFO - Filling up the DagBag from /opt/airflow/dags/reddit_dag.py
[2024-10-21T23:22:11.397+0000] {logging_mixin.py:151} INFO - [2024-10-21T23:22:11.392+0000] {dagbag.py:346} ERROR - Failed to import: /opt/airflow/dags/reddit_dag.py
Traceback (most recent call last):
  File "/home/airflow/.local/lib/python3.9/site-packages/airflow/models/dagbag.py", line 342, in parse
    loader.exec_module(new_module)
  File "<frozen importlib._bootstrap_external>", line 850, in exec_module
  File "<frozen importlib._bootstrap>", line 228, in _call_with_frames_removed
  File "/opt/airflow/dags/reddit_dag.py", line 17, in <module>
    dag = DAG(
TypeError: __init__() got an unexpected keyword argument 'schedule_intervel'
[2024-10-21T23:22:11.398+0000] {processor.py:841} WARNING - No viable dags retrieved from /opt/airflow/dags/reddit_dag.py
[2024-10-21T23:22:11.430+0000] {processor.py:179} INFO - Processing /opt/airflow/dags/reddit_dag.py took 0.072 seconds
