[2024-10-20T00:01:44.685+0000] {processor.py:157} INFO - Started process (PID=2449) to work on /opt/airflow/dags/reddit_dag.py
[2024-10-20T00:01:44.687+0000] {processor.py:829} INFO - Processing file /opt/airflow/dags/reddit_dag.py for tasks to queue
[2024-10-20T00:01:44.697+0000] {logging_mixin.py:151} INFO - [2024-10-20T00:01:44.696+0000] {dagbag.py:536} INFO - Filling up the DagBag from /opt/airflow/dags/reddit_dag.py
[2024-10-20T00:01:44.724+0000] {logging_mixin.py:151} INFO - [2024-10-20T00:01:44.721+0000] {dagbag.py:346} ERROR - Failed to import: /opt/airflow/dags/reddit_dag.py
Traceback (most recent call last):
  File "/home/airflow/.local/lib/python3.9/site-packages/airflow/models/dagbag.py", line 342, in parse
    loader.exec_module(new_module)
  File "<frozen importlib._bootstrap_external>", line 850, in exec_module
  File "<frozen importlib._bootstrap>", line 228, in _call_with_frames_removed
  File "/opt/airflow/dags/reddit_dag.py", line 17, in <module>
    dag = DAG(
TypeError: __init__() got an unexpected keyword argument 'schedule_intervel'
[2024-10-20T00:01:44.725+0000] {processor.py:841} WARNING - No viable dags retrieved from /opt/airflow/dags/reddit_dag.py
[2024-10-20T00:01:44.769+0000] {processor.py:179} INFO - Processing /opt/airflow/dags/reddit_dag.py took 0.094 seconds
[2024-10-20T01:11:06.050+0000] {processor.py:157} INFO - Started process (PID=2450) to work on /opt/airflow/dags/reddit_dag.py
[2024-10-20T01:11:06.053+0000] {processor.py:829} INFO - Processing file /opt/airflow/dags/reddit_dag.py for tasks to queue
[2024-10-20T01:11:06.059+0000] {logging_mixin.py:151} INFO - [2024-10-20T01:11:06.058+0000] {dagbag.py:536} INFO - Filling up the DagBag from /opt/airflow/dags/reddit_dag.py
[2024-10-20T01:11:06.072+0000] {logging_mixin.py:151} INFO - [2024-10-20T01:11:06.069+0000] {dagbag.py:346} ERROR - Failed to import: /opt/airflow/dags/reddit_dag.py
Traceback (most recent call last):
  File "/home/airflow/.local/lib/python3.9/site-packages/airflow/models/dagbag.py", line 342, in parse
    loader.exec_module(new_module)
  File "<frozen importlib._bootstrap_external>", line 850, in exec_module
  File "<frozen importlib._bootstrap>", line 228, in _call_with_frames_removed
  File "/opt/airflow/dags/reddit_dag.py", line 17, in <module>
    dag = DAG(
TypeError: __init__() got an unexpected keyword argument 'schedule_intervel'
[2024-10-20T01:11:06.074+0000] {processor.py:841} WARNING - No viable dags retrieved from /opt/airflow/dags/reddit_dag.py
[2024-10-20T01:11:06.108+0000] {processor.py:179} INFO - Processing /opt/airflow/dags/reddit_dag.py took 0.072 seconds
[2024-10-20T02:27:24.041+0000] {processor.py:157} INFO - Started process (PID=2451) to work on /opt/airflow/dags/reddit_dag.py
[2024-10-20T02:27:24.045+0000] {processor.py:829} INFO - Processing file /opt/airflow/dags/reddit_dag.py for tasks to queue
[2024-10-20T02:27:24.061+0000] {logging_mixin.py:151} INFO - [2024-10-20T02:27:24.051+0000] {dagbag.py:536} INFO - Filling up the DagBag from /opt/airflow/dags/reddit_dag.py
[2024-10-20T02:27:24.300+0000] {logging_mixin.py:151} INFO - [2024-10-20T02:27:24.282+0000] {dagbag.py:346} ERROR - Failed to import: /opt/airflow/dags/reddit_dag.py
Traceback (most recent call last):
  File "/home/airflow/.local/lib/python3.9/site-packages/airflow/models/dagbag.py", line 342, in parse
    loader.exec_module(new_module)
  File "<frozen importlib._bootstrap_external>", line 850, in exec_module
  File "<frozen importlib._bootstrap>", line 228, in _call_with_frames_removed
  File "/opt/airflow/dags/reddit_dag.py", line 17, in <module>
    dag = DAG(
TypeError: __init__() got an unexpected keyword argument 'schedule_intervel'
[2024-10-20T02:27:24.302+0000] {processor.py:841} WARNING - No viable dags retrieved from /opt/airflow/dags/reddit_dag.py
[2024-10-20T02:27:24.329+0000] {processor.py:179} INFO - Processing /opt/airflow/dags/reddit_dag.py took 0.305 seconds
[2024-10-20T03:57:08.753+0000] {processor.py:157} INFO - Started process (PID=2452) to work on /opt/airflow/dags/reddit_dag.py
[2024-10-20T03:57:08.756+0000] {processor.py:829} INFO - Processing file /opt/airflow/dags/reddit_dag.py for tasks to queue
[2024-10-20T03:57:08.765+0000] {logging_mixin.py:151} INFO - [2024-10-20T03:57:08.764+0000] {dagbag.py:536} INFO - Filling up the DagBag from /opt/airflow/dags/reddit_dag.py
[2024-10-20T03:57:08.791+0000] {logging_mixin.py:151} INFO - [2024-10-20T03:57:08.787+0000] {dagbag.py:346} ERROR - Failed to import: /opt/airflow/dags/reddit_dag.py
Traceback (most recent call last):
  File "/home/airflow/.local/lib/python3.9/site-packages/airflow/models/dagbag.py", line 342, in parse
    loader.exec_module(new_module)
  File "<frozen importlib._bootstrap_external>", line 850, in exec_module
  File "<frozen importlib._bootstrap>", line 228, in _call_with_frames_removed
  File "/opt/airflow/dags/reddit_dag.py", line 17, in <module>
    dag = DAG(
TypeError: __init__() got an unexpected keyword argument 'schedule_intervel'
[2024-10-20T03:57:08.793+0000] {processor.py:841} WARNING - No viable dags retrieved from /opt/airflow/dags/reddit_dag.py
[2024-10-20T03:57:08.820+0000] {processor.py:179} INFO - Processing /opt/airflow/dags/reddit_dag.py took 0.075 seconds
[2024-10-20T05:48:56.855+0000] {processor.py:157} INFO - Started process (PID=2453) to work on /opt/airflow/dags/reddit_dag.py
[2024-10-20T05:48:56.857+0000] {processor.py:829} INFO - Processing file /opt/airflow/dags/reddit_dag.py for tasks to queue
[2024-10-20T05:48:56.863+0000] {logging_mixin.py:151} INFO - [2024-10-20T05:48:56.862+0000] {dagbag.py:536} INFO - Filling up the DagBag from /opt/airflow/dags/reddit_dag.py
[2024-10-20T05:48:56.879+0000] {logging_mixin.py:151} INFO - [2024-10-20T05:48:56.876+0000] {dagbag.py:346} ERROR - Failed to import: /opt/airflow/dags/reddit_dag.py
Traceback (most recent call last):
  File "/home/airflow/.local/lib/python3.9/site-packages/airflow/models/dagbag.py", line 342, in parse
    loader.exec_module(new_module)
  File "<frozen importlib._bootstrap_external>", line 850, in exec_module
  File "<frozen importlib._bootstrap>", line 228, in _call_with_frames_removed
  File "/opt/airflow/dags/reddit_dag.py", line 17, in <module>
    dag = DAG(
TypeError: __init__() got an unexpected keyword argument 'schedule_intervel'
[2024-10-20T05:48:56.881+0000] {processor.py:841} WARNING - No viable dags retrieved from /opt/airflow/dags/reddit_dag.py
[2024-10-20T05:48:56.908+0000] {processor.py:179} INFO - Processing /opt/airflow/dags/reddit_dag.py took 0.058 seconds
[2024-10-20T07:00:12.904+0000] {processor.py:157} INFO - Started process (PID=2454) to work on /opt/airflow/dags/reddit_dag.py
[2024-10-20T07:00:12.908+0000] {processor.py:829} INFO - Processing file /opt/airflow/dags/reddit_dag.py for tasks to queue
[2024-10-20T07:00:12.913+0000] {logging_mixin.py:151} INFO - [2024-10-20T07:00:12.912+0000] {dagbag.py:536} INFO - Filling up the DagBag from /opt/airflow/dags/reddit_dag.py
[2024-10-20T07:00:12.939+0000] {logging_mixin.py:151} INFO - [2024-10-20T07:00:12.935+0000] {dagbag.py:346} ERROR - Failed to import: /opt/airflow/dags/reddit_dag.py
Traceback (most recent call last):
  File "/home/airflow/.local/lib/python3.9/site-packages/airflow/models/dagbag.py", line 342, in parse
    loader.exec_module(new_module)
  File "<frozen importlib._bootstrap_external>", line 850, in exec_module
  File "<frozen importlib._bootstrap>", line 228, in _call_with_frames_removed
  File "/opt/airflow/dags/reddit_dag.py", line 17, in <module>
    dag = DAG(
TypeError: __init__() got an unexpected keyword argument 'schedule_intervel'
[2024-10-20T07:00:12.941+0000] {processor.py:841} WARNING - No viable dags retrieved from /opt/airflow/dags/reddit_dag.py
[2024-10-20T07:00:12.964+0000] {processor.py:179} INFO - Processing /opt/airflow/dags/reddit_dag.py took 0.066 seconds
[2024-10-20T08:08:47.170+0000] {processor.py:157} INFO - Started process (PID=2455) to work on /opt/airflow/dags/reddit_dag.py
[2024-10-20T08:08:47.172+0000] {processor.py:829} INFO - Processing file /opt/airflow/dags/reddit_dag.py for tasks to queue
[2024-10-20T08:08:47.181+0000] {logging_mixin.py:151} INFO - [2024-10-20T08:08:47.180+0000] {dagbag.py:536} INFO - Filling up the DagBag from /opt/airflow/dags/reddit_dag.py
[2024-10-20T08:08:47.218+0000] {logging_mixin.py:151} INFO - [2024-10-20T08:08:47.214+0000] {dagbag.py:346} ERROR - Failed to import: /opt/airflow/dags/reddit_dag.py
Traceback (most recent call last):
  File "/home/airflow/.local/lib/python3.9/site-packages/airflow/models/dagbag.py", line 342, in parse
    loader.exec_module(new_module)
  File "<frozen importlib._bootstrap_external>", line 850, in exec_module
  File "<frozen importlib._bootstrap>", line 228, in _call_with_frames_removed
  File "/opt/airflow/dags/reddit_dag.py", line 17, in <module>
    dag = DAG(
TypeError: __init__() got an unexpected keyword argument 'schedule_intervel'
[2024-10-20T08:08:47.220+0000] {processor.py:841} WARNING - No viable dags retrieved from /opt/airflow/dags/reddit_dag.py
[2024-10-20T08:08:47.267+0000] {processor.py:179} INFO - Processing /opt/airflow/dags/reddit_dag.py took 0.102 seconds
[2024-10-20T09:37:18.505+0000] {processor.py:157} INFO - Started process (PID=2456) to work on /opt/airflow/dags/reddit_dag.py
[2024-10-20T09:37:18.507+0000] {processor.py:829} INFO - Processing file /opt/airflow/dags/reddit_dag.py for tasks to queue
[2024-10-20T09:37:18.512+0000] {logging_mixin.py:151} INFO - [2024-10-20T09:37:18.512+0000] {dagbag.py:536} INFO - Filling up the DagBag from /opt/airflow/dags/reddit_dag.py
[2024-10-20T09:37:18.527+0000] {logging_mixin.py:151} INFO - [2024-10-20T09:37:18.523+0000] {dagbag.py:346} ERROR - Failed to import: /opt/airflow/dags/reddit_dag.py
Traceback (most recent call last):
  File "/home/airflow/.local/lib/python3.9/site-packages/airflow/models/dagbag.py", line 342, in parse
    loader.exec_module(new_module)
  File "<frozen importlib._bootstrap_external>", line 850, in exec_module
  File "<frozen importlib._bootstrap>", line 228, in _call_with_frames_removed
  File "/opt/airflow/dags/reddit_dag.py", line 17, in <module>
    dag = DAG(
TypeError: __init__() got an unexpected keyword argument 'schedule_intervel'
[2024-10-20T09:37:18.529+0000] {processor.py:841} WARNING - No viable dags retrieved from /opt/airflow/dags/reddit_dag.py
[2024-10-20T09:37:18.568+0000] {processor.py:179} INFO - Processing /opt/airflow/dags/reddit_dag.py took 0.070 seconds
[2024-10-20T11:00:42.983+0000] {processor.py:157} INFO - Started process (PID=2457) to work on /opt/airflow/dags/reddit_dag.py
[2024-10-20T11:00:42.985+0000] {processor.py:829} INFO - Processing file /opt/airflow/dags/reddit_dag.py for tasks to queue
[2024-10-20T11:00:42.990+0000] {logging_mixin.py:151} INFO - [2024-10-20T11:00:42.989+0000] {dagbag.py:536} INFO - Filling up the DagBag from /opt/airflow/dags/reddit_dag.py
[2024-10-20T11:00:43.003+0000] {logging_mixin.py:151} INFO - [2024-10-20T11:00:43.000+0000] {dagbag.py:346} ERROR - Failed to import: /opt/airflow/dags/reddit_dag.py
Traceback (most recent call last):
  File "/home/airflow/.local/lib/python3.9/site-packages/airflow/models/dagbag.py", line 342, in parse
    loader.exec_module(new_module)
  File "<frozen importlib._bootstrap_external>", line 850, in exec_module
  File "<frozen importlib._bootstrap>", line 228, in _call_with_frames_removed
  File "/opt/airflow/dags/reddit_dag.py", line 17, in <module>
    dag = DAG(
TypeError: __init__() got an unexpected keyword argument 'schedule_intervel'
[2024-10-20T11:00:43.004+0000] {processor.py:841} WARNING - No viable dags retrieved from /opt/airflow/dags/reddit_dag.py
[2024-10-20T11:00:43.026+0000] {processor.py:179} INFO - Processing /opt/airflow/dags/reddit_dag.py took 0.052 seconds
[2024-10-20T12:37:11.965+0000] {processor.py:157} INFO - Started process (PID=2458) to work on /opt/airflow/dags/reddit_dag.py
[2024-10-20T12:37:11.971+0000] {processor.py:829} INFO - Processing file /opt/airflow/dags/reddit_dag.py for tasks to queue
[2024-10-20T12:37:11.979+0000] {logging_mixin.py:151} INFO - [2024-10-20T12:37:11.978+0000] {dagbag.py:536} INFO - Filling up the DagBag from /opt/airflow/dags/reddit_dag.py
[2024-10-20T12:37:11.994+0000] {logging_mixin.py:151} INFO - [2024-10-20T12:37:11.990+0000] {dagbag.py:346} ERROR - Failed to import: /opt/airflow/dags/reddit_dag.py
Traceback (most recent call last):
  File "/home/airflow/.local/lib/python3.9/site-packages/airflow/models/dagbag.py", line 342, in parse
    loader.exec_module(new_module)
  File "<frozen importlib._bootstrap_external>", line 850, in exec_module
  File "<frozen importlib._bootstrap>", line 228, in _call_with_frames_removed
  File "/opt/airflow/dags/reddit_dag.py", line 17, in <module>
    dag = DAG(
TypeError: __init__() got an unexpected keyword argument 'schedule_intervel'
[2024-10-20T12:37:11.995+0000] {processor.py:841} WARNING - No viable dags retrieved from /opt/airflow/dags/reddit_dag.py
[2024-10-20T12:37:12.021+0000] {processor.py:179} INFO - Processing /opt/airflow/dags/reddit_dag.py took 0.074 seconds
[2024-10-20T14:00:36.817+0000] {processor.py:157} INFO - Started process (PID=2459) to work on /opt/airflow/dags/reddit_dag.py
[2024-10-20T14:00:36.821+0000] {processor.py:829} INFO - Processing file /opt/airflow/dags/reddit_dag.py for tasks to queue
[2024-10-20T14:00:36.828+0000] {logging_mixin.py:151} INFO - [2024-10-20T14:00:36.827+0000] {dagbag.py:536} INFO - Filling up the DagBag from /opt/airflow/dags/reddit_dag.py
[2024-10-20T14:00:36.843+0000] {logging_mixin.py:151} INFO - [2024-10-20T14:00:36.839+0000] {dagbag.py:346} ERROR - Failed to import: /opt/airflow/dags/reddit_dag.py
Traceback (most recent call last):
  File "/home/airflow/.local/lib/python3.9/site-packages/airflow/models/dagbag.py", line 342, in parse
    loader.exec_module(new_module)
  File "<frozen importlib._bootstrap_external>", line 850, in exec_module
  File "<frozen importlib._bootstrap>", line 228, in _call_with_frames_removed
  File "/opt/airflow/dags/reddit_dag.py", line 17, in <module>
    dag = DAG(
TypeError: __init__() got an unexpected keyword argument 'schedule_intervel'
[2024-10-20T14:00:36.844+0000] {processor.py:841} WARNING - No viable dags retrieved from /opt/airflow/dags/reddit_dag.py
[2024-10-20T14:00:36.869+0000] {processor.py:179} INFO - Processing /opt/airflow/dags/reddit_dag.py took 0.074 seconds
[2024-10-20T15:07:04.088+0000] {processor.py:157} INFO - Started process (PID=2460) to work on /opt/airflow/dags/reddit_dag.py
[2024-10-20T15:07:04.093+0000] {processor.py:829} INFO - Processing file /opt/airflow/dags/reddit_dag.py for tasks to queue
[2024-10-20T15:07:04.103+0000] {logging_mixin.py:151} INFO - [2024-10-20T15:07:04.102+0000] {dagbag.py:536} INFO - Filling up the DagBag from /opt/airflow/dags/reddit_dag.py
[2024-10-20T15:07:04.263+0000] {logging_mixin.py:151} INFO - [2024-10-20T15:07:04.259+0000] {dagbag.py:346} ERROR - Failed to import: /opt/airflow/dags/reddit_dag.py
Traceback (most recent call last):
  File "/home/airflow/.local/lib/python3.9/site-packages/airflow/models/dagbag.py", line 342, in parse
    loader.exec_module(new_module)
  File "<frozen importlib._bootstrap_external>", line 850, in exec_module
  File "<frozen importlib._bootstrap>", line 228, in _call_with_frames_removed
  File "/opt/airflow/dags/reddit_dag.py", line 17, in <module>
    dag = DAG(
TypeError: __init__() got an unexpected keyword argument 'schedule_intervel'
[2024-10-20T15:07:04.265+0000] {processor.py:841} WARNING - No viable dags retrieved from /opt/airflow/dags/reddit_dag.py
[2024-10-20T15:07:04.313+0000] {processor.py:179} INFO - Processing /opt/airflow/dags/reddit_dag.py took 0.247 seconds
[2024-10-20T16:27:47.334+0000] {processor.py:157} INFO - Started process (PID=2461) to work on /opt/airflow/dags/reddit_dag.py
[2024-10-20T16:27:47.336+0000] {processor.py:829} INFO - Processing file /opt/airflow/dags/reddit_dag.py for tasks to queue
[2024-10-20T16:27:47.341+0000] {logging_mixin.py:151} INFO - [2024-10-20T16:27:47.340+0000] {dagbag.py:536} INFO - Filling up the DagBag from /opt/airflow/dags/reddit_dag.py
[2024-10-20T16:27:47.361+0000] {logging_mixin.py:151} INFO - [2024-10-20T16:27:47.355+0000] {dagbag.py:346} ERROR - Failed to import: /opt/airflow/dags/reddit_dag.py
Traceback (most recent call last):
  File "/home/airflow/.local/lib/python3.9/site-packages/airflow/models/dagbag.py", line 342, in parse
    loader.exec_module(new_module)
  File "<frozen importlib._bootstrap_external>", line 850, in exec_module
  File "<frozen importlib._bootstrap>", line 228, in _call_with_frames_removed
  File "/opt/airflow/dags/reddit_dag.py", line 17, in <module>
    dag = DAG(
TypeError: __init__() got an unexpected keyword argument 'schedule_intervel'
[2024-10-20T16:27:47.364+0000] {processor.py:841} WARNING - No viable dags retrieved from /opt/airflow/dags/reddit_dag.py
[2024-10-20T16:27:47.389+0000] {processor.py:179} INFO - Processing /opt/airflow/dags/reddit_dag.py took 0.063 seconds
[2024-10-20T17:53:13.276+0000] {processor.py:157} INFO - Started process (PID=2462) to work on /opt/airflow/dags/reddit_dag.py
[2024-10-20T17:53:13.279+0000] {processor.py:829} INFO - Processing file /opt/airflow/dags/reddit_dag.py for tasks to queue
[2024-10-20T17:53:13.394+0000] {logging_mixin.py:151} INFO - [2024-10-20T17:53:13.394+0000] {dagbag.py:536} INFO - Filling up the DagBag from /opt/airflow/dags/reddit_dag.py
[2024-10-20T17:53:13.408+0000] {logging_mixin.py:151} INFO - [2024-10-20T17:53:13.406+0000] {dagbag.py:346} ERROR - Failed to import: /opt/airflow/dags/reddit_dag.py
Traceback (most recent call last):
  File "/home/airflow/.local/lib/python3.9/site-packages/airflow/models/dagbag.py", line 342, in parse
    loader.exec_module(new_module)
  File "<frozen importlib._bootstrap_external>", line 850, in exec_module
  File "<frozen importlib._bootstrap>", line 228, in _call_with_frames_removed
  File "/opt/airflow/dags/reddit_dag.py", line 17, in <module>
    dag = DAG(
TypeError: __init__() got an unexpected keyword argument 'schedule_intervel'
[2024-10-20T17:53:13.410+0000] {processor.py:841} WARNING - No viable dags retrieved from /opt/airflow/dags/reddit_dag.py
[2024-10-20T17:53:13.440+0000] {processor.py:179} INFO - Processing /opt/airflow/dags/reddit_dag.py took 0.170 seconds
[2024-10-20T19:55:07.869+0000] {processor.py:157} INFO - Started process (PID=2463) to work on /opt/airflow/dags/reddit_dag.py
[2024-10-20T19:55:07.872+0000] {processor.py:829} INFO - Processing file /opt/airflow/dags/reddit_dag.py for tasks to queue
[2024-10-20T19:55:07.878+0000] {logging_mixin.py:151} INFO - [2024-10-20T19:55:07.877+0000] {dagbag.py:536} INFO - Filling up the DagBag from /opt/airflow/dags/reddit_dag.py
[2024-10-20T19:55:07.891+0000] {logging_mixin.py:151} INFO - [2024-10-20T19:55:07.887+0000] {dagbag.py:346} ERROR - Failed to import: /opt/airflow/dags/reddit_dag.py
Traceback (most recent call last):
  File "/home/airflow/.local/lib/python3.9/site-packages/airflow/models/dagbag.py", line 342, in parse
    loader.exec_module(new_module)
  File "<frozen importlib._bootstrap_external>", line 850, in exec_module
  File "<frozen importlib._bootstrap>", line 228, in _call_with_frames_removed
  File "/opt/airflow/dags/reddit_dag.py", line 17, in <module>
    dag = DAG(
TypeError: __init__() got an unexpected keyword argument 'schedule_intervel'
[2024-10-20T19:55:07.892+0000] {processor.py:841} WARNING - No viable dags retrieved from /opt/airflow/dags/reddit_dag.py
[2024-10-20T19:55:07.914+0000] {processor.py:179} INFO - Processing /opt/airflow/dags/reddit_dag.py took 0.051 seconds
[2024-10-20T21:43:54.511+0000] {processor.py:157} INFO - Started process (PID=2464) to work on /opt/airflow/dags/reddit_dag.py
[2024-10-20T21:43:54.700+0000] {processor.py:829} INFO - Processing file /opt/airflow/dags/reddit_dag.py for tasks to queue
[2024-10-20T21:43:54.705+0000] {logging_mixin.py:151} INFO - [2024-10-20T21:43:54.705+0000] {dagbag.py:536} INFO - Filling up the DagBag from /opt/airflow/dags/reddit_dag.py
[2024-10-20T21:43:54.828+0000] {logging_mixin.py:151} INFO - [2024-10-20T21:43:54.825+0000] {dagbag.py:346} ERROR - Failed to import: /opt/airflow/dags/reddit_dag.py
Traceback (most recent call last):
  File "/home/airflow/.local/lib/python3.9/site-packages/airflow/models/dagbag.py", line 342, in parse
    loader.exec_module(new_module)
  File "<frozen importlib._bootstrap_external>", line 850, in exec_module
  File "<frozen importlib._bootstrap>", line 228, in _call_with_frames_removed
  File "/opt/airflow/dags/reddit_dag.py", line 17, in <module>
    dag = DAG(
TypeError: __init__() got an unexpected keyword argument 'schedule_intervel'
[2024-10-20T21:43:54.831+0000] {processor.py:841} WARNING - No viable dags retrieved from /opt/airflow/dags/reddit_dag.py
[2024-10-20T21:43:54.849+0000] {processor.py:179} INFO - Processing /opt/airflow/dags/reddit_dag.py took 0.351 seconds
[2024-10-20T22:58:17.827+0000] {processor.py:157} INFO - Started process (PID=2465) to work on /opt/airflow/dags/reddit_dag.py
[2024-10-20T22:58:17.833+0000] {processor.py:829} INFO - Processing file /opt/airflow/dags/reddit_dag.py for tasks to queue
[2024-10-20T22:58:17.843+0000] {logging_mixin.py:151} INFO - [2024-10-20T22:58:17.842+0000] {dagbag.py:536} INFO - Filling up the DagBag from /opt/airflow/dags/reddit_dag.py
[2024-10-20T22:58:17.870+0000] {logging_mixin.py:151} INFO - [2024-10-20T22:58:17.866+0000] {dagbag.py:346} ERROR - Failed to import: /opt/airflow/dags/reddit_dag.py
Traceback (most recent call last):
  File "/home/airflow/.local/lib/python3.9/site-packages/airflow/models/dagbag.py", line 342, in parse
    loader.exec_module(new_module)
  File "<frozen importlib._bootstrap_external>", line 850, in exec_module
  File "<frozen importlib._bootstrap>", line 228, in _call_with_frames_removed
  File "/opt/airflow/dags/reddit_dag.py", line 17, in <module>
    dag = DAG(
TypeError: __init__() got an unexpected keyword argument 'schedule_intervel'
[2024-10-20T22:58:17.871+0000] {processor.py:841} WARNING - No viable dags retrieved from /opt/airflow/dags/reddit_dag.py
[2024-10-20T22:58:17.917+0000] {processor.py:179} INFO - Processing /opt/airflow/dags/reddit_dag.py took 0.118 seconds
