[2024-10-16T07:15:28.892+0000] {processor.py:157} INFO - Started process (PID=26) to work on /opt/airflow/dags/reddit_dag.py
[2024-10-16T07:15:28.894+0000] {processor.py:829} INFO - Processing file /opt/airflow/dags/reddit_dag.py for tasks to queue
[2024-10-16T07:15:28.899+0000] {logging_mixin.py:151} INFO - [2024-10-16T07:15:28.899+0000] {dagbag.py:536} INFO - Filling up the DagBag from /opt/airflow/dags/reddit_dag.py
[2024-10-16T07:15:28.922+0000] {processor.py:841} WARNING - No viable dags retrieved from /opt/airflow/dags/reddit_dag.py
[2024-10-16T07:15:28.943+0000] {processor.py:179} INFO - Processing /opt/airflow/dags/reddit_dag.py took 0.056 seconds
[2024-10-16T07:15:59.564+0000] {processor.py:157} INFO - Started process (PID=27) to work on /opt/airflow/dags/reddit_dag.py
[2024-10-16T07:15:59.568+0000] {processor.py:829} INFO - Processing file /opt/airflow/dags/reddit_dag.py for tasks to queue
[2024-10-16T07:15:59.573+0000] {logging_mixin.py:151} INFO - [2024-10-16T07:15:59.572+0000] {dagbag.py:536} INFO - Filling up the DagBag from /opt/airflow/dags/reddit_dag.py
[2024-10-16T07:15:59.589+0000] {processor.py:841} WARNING - No viable dags retrieved from /opt/airflow/dags/reddit_dag.py
[2024-10-16T07:15:59.615+0000] {processor.py:179} INFO - Processing /opt/airflow/dags/reddit_dag.py took 0.085 seconds
[2024-10-16T07:16:30.690+0000] {processor.py:157} INFO - Started process (PID=28) to work on /opt/airflow/dags/reddit_dag.py
[2024-10-16T07:16:30.693+0000] {processor.py:829} INFO - Processing file /opt/airflow/dags/reddit_dag.py for tasks to queue
[2024-10-16T07:16:30.698+0000] {logging_mixin.py:151} INFO - [2024-10-16T07:16:30.698+0000] {dagbag.py:536} INFO - Filling up the DagBag from /opt/airflow/dags/reddit_dag.py
[2024-10-16T07:16:30.710+0000] {processor.py:841} WARNING - No viable dags retrieved from /opt/airflow/dags/reddit_dag.py
[2024-10-16T07:16:31.043+0000] {processor.py:179} INFO - Processing /opt/airflow/dags/reddit_dag.py took 0.360 seconds
[2024-10-16T07:47:36.485+0000] {processor.py:157} INFO - Started process (PID=29) to work on /opt/airflow/dags/reddit_dag.py
[2024-10-16T07:47:36.492+0000] {processor.py:829} INFO - Processing file /opt/airflow/dags/reddit_dag.py for tasks to queue
[2024-10-16T07:47:36.499+0000] {logging_mixin.py:151} INFO - [2024-10-16T07:47:36.499+0000] {dagbag.py:536} INFO - Filling up the DagBag from /opt/airflow/dags/reddit_dag.py
[2024-10-16T07:47:36.520+0000] {processor.py:841} WARNING - No viable dags retrieved from /opt/airflow/dags/reddit_dag.py
[2024-10-16T07:47:36.554+0000] {processor.py:179} INFO - Processing /opt/airflow/dags/reddit_dag.py took 0.089 seconds
[2024-10-16T08:42:17.784+0000] {processor.py:157} INFO - Started process (PID=30) to work on /opt/airflow/dags/reddit_dag.py
[2024-10-16T08:42:17.787+0000] {processor.py:829} INFO - Processing file /opt/airflow/dags/reddit_dag.py for tasks to queue
[2024-10-16T08:42:17.799+0000] {logging_mixin.py:151} INFO - [2024-10-16T08:42:17.795+0000] {dagbag.py:536} INFO - Filling up the DagBag from /opt/airflow/dags/reddit_dag.py
[2024-10-16T08:42:17.810+0000] {processor.py:841} WARNING - No viable dags retrieved from /opt/airflow/dags/reddit_dag.py
[2024-10-16T08:42:17.848+0000] {processor.py:179} INFO - Processing /opt/airflow/dags/reddit_dag.py took 0.070 seconds
[2024-10-16T09:49:34.858+0000] {processor.py:157} INFO - Started process (PID=31) to work on /opt/airflow/dags/reddit_dag.py
[2024-10-16T09:49:34.860+0000] {processor.py:829} INFO - Processing file /opt/airflow/dags/reddit_dag.py for tasks to queue
[2024-10-16T09:49:34.867+0000] {logging_mixin.py:151} INFO - [2024-10-16T09:49:34.866+0000] {dagbag.py:536} INFO - Filling up the DagBag from /opt/airflow/dags/reddit_dag.py
[2024-10-16T09:49:34.893+0000] {processor.py:841} WARNING - No viable dags retrieved from /opt/airflow/dags/reddit_dag.py
[2024-10-16T09:49:34.926+0000] {processor.py:179} INFO - Processing /opt/airflow/dags/reddit_dag.py took 0.084 seconds
[2024-10-16T11:13:24.269+0000] {processor.py:157} INFO - Started process (PID=32) to work on /opt/airflow/dags/reddit_dag.py
[2024-10-16T11:13:24.275+0000] {processor.py:829} INFO - Processing file /opt/airflow/dags/reddit_dag.py for tasks to queue
[2024-10-16T11:13:24.280+0000] {logging_mixin.py:151} INFO - [2024-10-16T11:13:24.280+0000] {dagbag.py:536} INFO - Filling up the DagBag from /opt/airflow/dags/reddit_dag.py
[2024-10-16T11:13:24.289+0000] {processor.py:841} WARNING - No viable dags retrieved from /opt/airflow/dags/reddit_dag.py
[2024-10-16T11:13:24.303+0000] {processor.py:179} INFO - Processing /opt/airflow/dags/reddit_dag.py took 0.049 seconds
[2024-10-16T12:53:23.677+0000] {processor.py:157} INFO - Started process (PID=33) to work on /opt/airflow/dags/reddit_dag.py
[2024-10-16T12:53:23.684+0000] {processor.py:829} INFO - Processing file /opt/airflow/dags/reddit_dag.py for tasks to queue
[2024-10-16T12:53:23.701+0000] {logging_mixin.py:151} INFO - [2024-10-16T12:53:23.700+0000] {dagbag.py:536} INFO - Filling up the DagBag from /opt/airflow/dags/reddit_dag.py
[2024-10-16T12:53:23.713+0000] {processor.py:841} WARNING - No viable dags retrieved from /opt/airflow/dags/reddit_dag.py
[2024-10-16T12:53:23.747+0000] {processor.py:179} INFO - Processing /opt/airflow/dags/reddit_dag.py took 0.075 seconds
[2024-10-16T14:07:23.939+0000] {processor.py:157} INFO - Started process (PID=34) to work on /opt/airflow/dags/reddit_dag.py
[2024-10-16T14:07:23.942+0000] {processor.py:829} INFO - Processing file /opt/airflow/dags/reddit_dag.py for tasks to queue
[2024-10-16T14:07:23.960+0000] {logging_mixin.py:151} INFO - [2024-10-16T14:07:23.959+0000] {dagbag.py:536} INFO - Filling up the DagBag from /opt/airflow/dags/reddit_dag.py
[2024-10-16T14:07:23.969+0000] {processor.py:841} WARNING - No viable dags retrieved from /opt/airflow/dags/reddit_dag.py
[2024-10-16T14:07:23.996+0000] {processor.py:179} INFO - Processing /opt/airflow/dags/reddit_dag.py took 0.063 seconds
[2024-10-16T15:16:19.041+0000] {processor.py:157} INFO - Started process (PID=35) to work on /opt/airflow/dags/reddit_dag.py
[2024-10-16T15:16:19.045+0000] {processor.py:829} INFO - Processing file /opt/airflow/dags/reddit_dag.py for tasks to queue
[2024-10-16T15:16:19.053+0000] {logging_mixin.py:151} INFO - [2024-10-16T15:16:19.052+0000] {dagbag.py:536} INFO - Filling up the DagBag from /opt/airflow/dags/reddit_dag.py
[2024-10-16T15:16:19.070+0000] {processor.py:841} WARNING - No viable dags retrieved from /opt/airflow/dags/reddit_dag.py
[2024-10-16T15:16:19.095+0000] {processor.py:179} INFO - Processing /opt/airflow/dags/reddit_dag.py took 0.070 seconds
[2024-10-16T16:17:18.530+0000] {processor.py:157} INFO - Started process (PID=36) to work on /opt/airflow/dags/reddit_dag.py
[2024-10-16T16:17:18.533+0000] {processor.py:829} INFO - Processing file /opt/airflow/dags/reddit_dag.py for tasks to queue
[2024-10-16T16:17:18.539+0000] {logging_mixin.py:151} INFO - [2024-10-16T16:17:18.539+0000] {dagbag.py:536} INFO - Filling up the DagBag from /opt/airflow/dags/reddit_dag.py
[2024-10-16T16:17:18.552+0000] {processor.py:841} WARNING - No viable dags retrieved from /opt/airflow/dags/reddit_dag.py
[2024-10-16T16:17:18.594+0000] {processor.py:179} INFO - Processing /opt/airflow/dags/reddit_dag.py took 0.086 seconds
[2024-10-16T16:46:01.539+0000] {processor.py:157} INFO - Started process (PID=37) to work on /opt/airflow/dags/reddit_dag.py
[2024-10-16T16:46:01.548+0000] {processor.py:829} INFO - Processing file /opt/airflow/dags/reddit_dag.py for tasks to queue
[2024-10-16T16:46:01.554+0000] {logging_mixin.py:151} INFO - [2024-10-16T16:46:01.553+0000] {dagbag.py:536} INFO - Filling up the DagBag from /opt/airflow/dags/reddit_dag.py
[2024-10-16T16:46:01.594+0000] {processor.py:841} WARNING - No viable dags retrieved from /opt/airflow/dags/reddit_dag.py
[2024-10-16T16:46:01.644+0000] {processor.py:179} INFO - Processing /opt/airflow/dags/reddit_dag.py took 0.120 seconds
[2024-10-16T17:34:51.643+0000] {processor.py:157} INFO - Started process (PID=38) to work on /opt/airflow/dags/reddit_dag.py
[2024-10-16T17:34:51.712+0000] {processor.py:829} INFO - Processing file /opt/airflow/dags/reddit_dag.py for tasks to queue
[2024-10-16T17:34:51.738+0000] {logging_mixin.py:151} INFO - [2024-10-16T17:34:51.736+0000] {dagbag.py:536} INFO - Filling up the DagBag from /opt/airflow/dags/reddit_dag.py
[2024-10-16T17:34:51.756+0000] {processor.py:841} WARNING - No viable dags retrieved from /opt/airflow/dags/reddit_dag.py
[2024-10-16T17:34:51.775+0000] {processor.py:179} INFO - Processing /opt/airflow/dags/reddit_dag.py took 0.151 seconds
[2024-10-16T18:36:51.291+0000] {processor.py:157} INFO - Started process (PID=39) to work on /opt/airflow/dags/reddit_dag.py
[2024-10-16T18:36:51.294+0000] {processor.py:829} INFO - Processing file /opt/airflow/dags/reddit_dag.py for tasks to queue
[2024-10-16T18:36:51.300+0000] {logging_mixin.py:151} INFO - [2024-10-16T18:36:51.300+0000] {dagbag.py:536} INFO - Filling up the DagBag from /opt/airflow/dags/reddit_dag.py
[2024-10-16T18:36:51.311+0000] {processor.py:841} WARNING - No viable dags retrieved from /opt/airflow/dags/reddit_dag.py
[2024-10-16T18:36:51.346+0000] {processor.py:179} INFO - Processing /opt/airflow/dags/reddit_dag.py took 0.064 seconds
[2024-10-16T19:20:18.133+0000] {processor.py:157} INFO - Started process (PID=40) to work on /opt/airflow/dags/reddit_dag.py
[2024-10-16T19:20:18.136+0000] {processor.py:829} INFO - Processing file /opt/airflow/dags/reddit_dag.py for tasks to queue
[2024-10-16T19:20:18.151+0000] {logging_mixin.py:151} INFO - [2024-10-16T19:20:18.151+0000] {dagbag.py:536} INFO - Filling up the DagBag from /opt/airflow/dags/reddit_dag.py
[2024-10-16T19:20:18.177+0000] {processor.py:841} WARNING - No viable dags retrieved from /opt/airflow/dags/reddit_dag.py
[2024-10-16T19:20:18.344+0000] {processor.py:179} INFO - Processing /opt/airflow/dags/reddit_dag.py took 0.216 seconds
[2024-10-16T19:53:57.352+0000] {processor.py:157} INFO - Started process (PID=41) to work on /opt/airflow/dags/reddit_dag.py
[2024-10-16T19:53:57.359+0000] {processor.py:829} INFO - Processing file /opt/airflow/dags/reddit_dag.py for tasks to queue
[2024-10-16T19:53:57.373+0000] {logging_mixin.py:151} INFO - [2024-10-16T19:53:57.372+0000] {dagbag.py:536} INFO - Filling up the DagBag from /opt/airflow/dags/reddit_dag.py
[2024-10-16T19:53:57.386+0000] {processor.py:841} WARNING - No viable dags retrieved from /opt/airflow/dags/reddit_dag.py
[2024-10-16T19:53:57.417+0000] {processor.py:179} INFO - Processing /opt/airflow/dags/reddit_dag.py took 0.083 seconds
[2024-10-16T20:21:25.493+0000] {processor.py:157} INFO - Started process (PID=42) to work on /opt/airflow/dags/reddit_dag.py
[2024-10-16T20:21:25.496+0000] {processor.py:829} INFO - Processing file /opt/airflow/dags/reddit_dag.py for tasks to queue
[2024-10-16T20:21:25.502+0000] {logging_mixin.py:151} INFO - [2024-10-16T20:21:25.502+0000] {dagbag.py:536} INFO - Filling up the DagBag from /opt/airflow/dags/reddit_dag.py
[2024-10-16T20:21:25.526+0000] {processor.py:841} WARNING - No viable dags retrieved from /opt/airflow/dags/reddit_dag.py
[2024-10-16T20:21:25.552+0000] {processor.py:179} INFO - Processing /opt/airflow/dags/reddit_dag.py took 0.070 seconds
[2024-10-16T21:09:33.603+0000] {processor.py:157} INFO - Started process (PID=43) to work on /opt/airflow/dags/reddit_dag.py
[2024-10-16T21:09:33.611+0000] {processor.py:829} INFO - Processing file /opt/airflow/dags/reddit_dag.py for tasks to queue
[2024-10-16T21:09:33.617+0000] {logging_mixin.py:151} INFO - [2024-10-16T21:09:33.617+0000] {dagbag.py:536} INFO - Filling up the DagBag from /opt/airflow/dags/reddit_dag.py
[2024-10-16T21:09:33.627+0000] {processor.py:841} WARNING - No viable dags retrieved from /opt/airflow/dags/reddit_dag.py
[2024-10-16T21:09:33.658+0000] {processor.py:179} INFO - Processing /opt/airflow/dags/reddit_dag.py took 0.067 seconds
[2024-10-16T21:31:40.890+0000] {processor.py:157} INFO - Started process (PID=44) to work on /opt/airflow/dags/reddit_dag.py
[2024-10-16T21:31:40.899+0000] {processor.py:829} INFO - Processing file /opt/airflow/dags/reddit_dag.py for tasks to queue
[2024-10-16T21:31:40.921+0000] {logging_mixin.py:151} INFO - [2024-10-16T21:31:40.918+0000] {dagbag.py:536} INFO - Filling up the DagBag from /opt/airflow/dags/reddit_dag.py
[2024-10-16T21:31:40.957+0000] {processor.py:841} WARNING - No viable dags retrieved from /opt/airflow/dags/reddit_dag.py
[2024-10-16T21:31:41.042+0000] {processor.py:179} INFO - Processing /opt/airflow/dags/reddit_dag.py took 0.200 seconds
[2024-10-16T21:32:11.487+0000] {processor.py:157} INFO - Started process (PID=45) to work on /opt/airflow/dags/reddit_dag.py
[2024-10-16T21:32:11.495+0000] {processor.py:829} INFO - Processing file /opt/airflow/dags/reddit_dag.py for tasks to queue
[2024-10-16T21:32:11.504+0000] {logging_mixin.py:151} INFO - [2024-10-16T21:32:11.503+0000] {dagbag.py:536} INFO - Filling up the DagBag from /opt/airflow/dags/reddit_dag.py
[2024-10-16T21:32:11.516+0000] {processor.py:841} WARNING - No viable dags retrieved from /opt/airflow/dags/reddit_dag.py
[2024-10-16T21:32:11.548+0000] {processor.py:179} INFO - Processing /opt/airflow/dags/reddit_dag.py took 0.078 seconds
[2024-10-16T21:32:42.599+0000] {processor.py:157} INFO - Started process (PID=46) to work on /opt/airflow/dags/reddit_dag.py
[2024-10-16T21:32:42.606+0000] {processor.py:829} INFO - Processing file /opt/airflow/dags/reddit_dag.py for tasks to queue
[2024-10-16T21:32:42.614+0000] {logging_mixin.py:151} INFO - [2024-10-16T21:32:42.614+0000] {dagbag.py:536} INFO - Filling up the DagBag from /opt/airflow/dags/reddit_dag.py
[2024-10-16T21:32:42.629+0000] {processor.py:841} WARNING - No viable dags retrieved from /opt/airflow/dags/reddit_dag.py
[2024-10-16T21:32:42.684+0000] {processor.py:179} INFO - Processing /opt/airflow/dags/reddit_dag.py took 0.132 seconds
[2024-10-16T21:33:12.956+0000] {processor.py:157} INFO - Started process (PID=47) to work on /opt/airflow/dags/reddit_dag.py
[2024-10-16T21:33:13.068+0000] {processor.py:829} INFO - Processing file /opt/airflow/dags/reddit_dag.py for tasks to queue
[2024-10-16T21:33:13.087+0000] {logging_mixin.py:151} INFO - [2024-10-16T21:33:13.085+0000] {dagbag.py:536} INFO - Filling up the DagBag from /opt/airflow/dags/reddit_dag.py
[2024-10-16T21:33:13.103+0000] {processor.py:841} WARNING - No viable dags retrieved from /opt/airflow/dags/reddit_dag.py
[2024-10-16T21:33:13.148+0000] {processor.py:179} INFO - Processing /opt/airflow/dags/reddit_dag.py took 0.206 seconds
[2024-10-16T21:33:43.537+0000] {processor.py:157} INFO - Started process (PID=48) to work on /opt/airflow/dags/reddit_dag.py
[2024-10-16T21:33:43.541+0000] {processor.py:829} INFO - Processing file /opt/airflow/dags/reddit_dag.py for tasks to queue
[2024-10-16T21:33:43.568+0000] {logging_mixin.py:151} INFO - [2024-10-16T21:33:43.567+0000] {dagbag.py:536} INFO - Filling up the DagBag from /opt/airflow/dags/reddit_dag.py
[2024-10-16T21:33:43.580+0000] {processor.py:841} WARNING - No viable dags retrieved from /opt/airflow/dags/reddit_dag.py
[2024-10-16T21:33:43.624+0000] {processor.py:179} INFO - Processing /opt/airflow/dags/reddit_dag.py took 0.094 seconds
[2024-10-16T21:34:14.052+0000] {processor.py:157} INFO - Started process (PID=49) to work on /opt/airflow/dags/reddit_dag.py
[2024-10-16T21:34:14.057+0000] {processor.py:829} INFO - Processing file /opt/airflow/dags/reddit_dag.py for tasks to queue
[2024-10-16T21:34:14.079+0000] {logging_mixin.py:151} INFO - [2024-10-16T21:34:14.074+0000] {dagbag.py:536} INFO - Filling up the DagBag from /opt/airflow/dags/reddit_dag.py
[2024-10-16T21:34:14.097+0000] {processor.py:841} WARNING - No viable dags retrieved from /opt/airflow/dags/reddit_dag.py
[2024-10-16T21:34:14.139+0000] {processor.py:179} INFO - Processing /opt/airflow/dags/reddit_dag.py took 0.104 seconds
[2024-10-16T21:34:44.649+0000] {processor.py:157} INFO - Started process (PID=50) to work on /opt/airflow/dags/reddit_dag.py
[2024-10-16T21:34:44.653+0000] {processor.py:829} INFO - Processing file /opt/airflow/dags/reddit_dag.py for tasks to queue
[2024-10-16T21:34:44.660+0000] {logging_mixin.py:151} INFO - [2024-10-16T21:34:44.660+0000] {dagbag.py:536} INFO - Filling up the DagBag from /opt/airflow/dags/reddit_dag.py
[2024-10-16T21:34:44.673+0000] {processor.py:841} WARNING - No viable dags retrieved from /opt/airflow/dags/reddit_dag.py
[2024-10-16T21:34:44.708+0000] {processor.py:179} INFO - Processing /opt/airflow/dags/reddit_dag.py took 0.070 seconds
[2024-10-16T21:35:15.245+0000] {processor.py:157} INFO - Started process (PID=51) to work on /opt/airflow/dags/reddit_dag.py
[2024-10-16T21:35:15.249+0000] {processor.py:829} INFO - Processing file /opt/airflow/dags/reddit_dag.py for tasks to queue
[2024-10-16T21:35:15.258+0000] {logging_mixin.py:151} INFO - [2024-10-16T21:35:15.257+0000] {dagbag.py:536} INFO - Filling up the DagBag from /opt/airflow/dags/reddit_dag.py
[2024-10-16T21:35:15.271+0000] {processor.py:841} WARNING - No viable dags retrieved from /opt/airflow/dags/reddit_dag.py
[2024-10-16T21:35:15.311+0000] {processor.py:179} INFO - Processing /opt/airflow/dags/reddit_dag.py took 0.074 seconds
[2024-10-16T21:35:46.363+0000] {processor.py:157} INFO - Started process (PID=52) to work on /opt/airflow/dags/reddit_dag.py
[2024-10-16T21:35:46.366+0000] {processor.py:829} INFO - Processing file /opt/airflow/dags/reddit_dag.py for tasks to queue
[2024-10-16T21:35:46.376+0000] {logging_mixin.py:151} INFO - [2024-10-16T21:35:46.375+0000] {dagbag.py:536} INFO - Filling up the DagBag from /opt/airflow/dags/reddit_dag.py
[2024-10-16T21:35:46.402+0000] {processor.py:841} WARNING - No viable dags retrieved from /opt/airflow/dags/reddit_dag.py
[2024-10-16T21:35:46.446+0000] {processor.py:179} INFO - Processing /opt/airflow/dags/reddit_dag.py took 0.093 seconds
[2024-10-16T21:36:16.745+0000] {processor.py:157} INFO - Started process (PID=53) to work on /opt/airflow/dags/reddit_dag.py
[2024-10-16T21:36:16.748+0000] {processor.py:829} INFO - Processing file /opt/airflow/dags/reddit_dag.py for tasks to queue
[2024-10-16T21:36:16.754+0000] {logging_mixin.py:151} INFO - [2024-10-16T21:36:16.753+0000] {dagbag.py:536} INFO - Filling up the DagBag from /opt/airflow/dags/reddit_dag.py
[2024-10-16T21:36:16.762+0000] {processor.py:841} WARNING - No viable dags retrieved from /opt/airflow/dags/reddit_dag.py
[2024-10-16T21:36:16.789+0000] {processor.py:179} INFO - Processing /opt/airflow/dags/reddit_dag.py took 0.054 seconds
[2024-10-16T21:36:47.464+0000] {processor.py:157} INFO - Started process (PID=54) to work on /opt/airflow/dags/reddit_dag.py
[2024-10-16T21:36:47.467+0000] {processor.py:829} INFO - Processing file /opt/airflow/dags/reddit_dag.py for tasks to queue
[2024-10-16T21:36:47.473+0000] {logging_mixin.py:151} INFO - [2024-10-16T21:36:47.472+0000] {dagbag.py:536} INFO - Filling up the DagBag from /opt/airflow/dags/reddit_dag.py
[2024-10-16T21:36:47.482+0000] {processor.py:841} WARNING - No viable dags retrieved from /opt/airflow/dags/reddit_dag.py
[2024-10-16T21:36:47.506+0000] {processor.py:179} INFO - Processing /opt/airflow/dags/reddit_dag.py took 0.055 seconds
[2024-10-16T21:37:18.142+0000] {processor.py:157} INFO - Started process (PID=55) to work on /opt/airflow/dags/reddit_dag.py
[2024-10-16T21:37:18.146+0000] {processor.py:829} INFO - Processing file /opt/airflow/dags/reddit_dag.py for tasks to queue
[2024-10-16T21:37:18.152+0000] {logging_mixin.py:151} INFO - [2024-10-16T21:37:18.152+0000] {dagbag.py:536} INFO - Filling up the DagBag from /opt/airflow/dags/reddit_dag.py
[2024-10-16T21:37:18.165+0000] {processor.py:841} WARNING - No viable dags retrieved from /opt/airflow/dags/reddit_dag.py
[2024-10-16T21:37:18.213+0000] {processor.py:179} INFO - Processing /opt/airflow/dags/reddit_dag.py took 0.084 seconds
[2024-10-16T21:37:48.761+0000] {processor.py:157} INFO - Started process (PID=56) to work on /opt/airflow/dags/reddit_dag.py
[2024-10-16T21:37:48.764+0000] {processor.py:829} INFO - Processing file /opt/airflow/dags/reddit_dag.py for tasks to queue
[2024-10-16T21:37:48.778+0000] {logging_mixin.py:151} INFO - [2024-10-16T21:37:48.777+0000] {dagbag.py:536} INFO - Filling up the DagBag from /opt/airflow/dags/reddit_dag.py
[2024-10-16T21:37:48.790+0000] {processor.py:841} WARNING - No viable dags retrieved from /opt/airflow/dags/reddit_dag.py
[2024-10-16T21:37:48.819+0000] {processor.py:179} INFO - Processing /opt/airflow/dags/reddit_dag.py took 0.067 seconds
[2024-10-16T21:38:19.439+0000] {processor.py:157} INFO - Started process (PID=57) to work on /opt/airflow/dags/reddit_dag.py
[2024-10-16T21:38:19.442+0000] {processor.py:829} INFO - Processing file /opt/airflow/dags/reddit_dag.py for tasks to queue
[2024-10-16T21:38:19.449+0000] {logging_mixin.py:151} INFO - [2024-10-16T21:38:19.448+0000] {dagbag.py:536} INFO - Filling up the DagBag from /opt/airflow/dags/reddit_dag.py
[2024-10-16T21:38:19.463+0000] {processor.py:841} WARNING - No viable dags retrieved from /opt/airflow/dags/reddit_dag.py
[2024-10-16T21:38:19.517+0000] {processor.py:179} INFO - Processing /opt/airflow/dags/reddit_dag.py took 0.087 seconds
[2024-10-16T21:38:49.967+0000] {processor.py:157} INFO - Started process (PID=58) to work on /opt/airflow/dags/reddit_dag.py
[2024-10-16T21:38:49.971+0000] {processor.py:829} INFO - Processing file /opt/airflow/dags/reddit_dag.py for tasks to queue
[2024-10-16T21:38:49.978+0000] {logging_mixin.py:151} INFO - [2024-10-16T21:38:49.977+0000] {dagbag.py:536} INFO - Filling up the DagBag from /opt/airflow/dags/reddit_dag.py
[2024-10-16T21:38:49.988+0000] {processor.py:841} WARNING - No viable dags retrieved from /opt/airflow/dags/reddit_dag.py
[2024-10-16T21:38:50.013+0000] {processor.py:179} INFO - Processing /opt/airflow/dags/reddit_dag.py took 0.056 seconds
[2024-10-16T21:39:20.708+0000] {processor.py:157} INFO - Started process (PID=59) to work on /opt/airflow/dags/reddit_dag.py
[2024-10-16T21:39:20.711+0000] {processor.py:829} INFO - Processing file /opt/airflow/dags/reddit_dag.py for tasks to queue
[2024-10-16T21:39:20.720+0000] {logging_mixin.py:151} INFO - [2024-10-16T21:39:20.720+0000] {dagbag.py:536} INFO - Filling up the DagBag from /opt/airflow/dags/reddit_dag.py
[2024-10-16T21:39:20.733+0000] {processor.py:841} WARNING - No viable dags retrieved from /opt/airflow/dags/reddit_dag.py
[2024-10-16T21:39:20.787+0000] {processor.py:179} INFO - Processing /opt/airflow/dags/reddit_dag.py took 0.090 seconds
[2024-10-16T21:39:51.457+0000] {processor.py:157} INFO - Started process (PID=60) to work on /opt/airflow/dags/reddit_dag.py
[2024-10-16T21:39:51.467+0000] {processor.py:829} INFO - Processing file /opt/airflow/dags/reddit_dag.py for tasks to queue
[2024-10-16T21:39:51.485+0000] {logging_mixin.py:151} INFO - [2024-10-16T21:39:51.484+0000] {dagbag.py:536} INFO - Filling up the DagBag from /opt/airflow/dags/reddit_dag.py
[2024-10-16T21:39:51.505+0000] {processor.py:841} WARNING - No viable dags retrieved from /opt/airflow/dags/reddit_dag.py
[2024-10-16T21:39:51.548+0000] {processor.py:179} INFO - Processing /opt/airflow/dags/reddit_dag.py took 0.111 seconds
[2024-10-16T21:40:22.019+0000] {processor.py:157} INFO - Started process (PID=61) to work on /opt/airflow/dags/reddit_dag.py
[2024-10-16T21:40:22.024+0000] {processor.py:829} INFO - Processing file /opt/airflow/dags/reddit_dag.py for tasks to queue
[2024-10-16T21:40:22.034+0000] {logging_mixin.py:151} INFO - [2024-10-16T21:40:22.033+0000] {dagbag.py:536} INFO - Filling up the DagBag from /opt/airflow/dags/reddit_dag.py
[2024-10-16T21:40:22.044+0000] {processor.py:841} WARNING - No viable dags retrieved from /opt/airflow/dags/reddit_dag.py
[2024-10-16T21:40:22.069+0000] {processor.py:179} INFO - Processing /opt/airflow/dags/reddit_dag.py took 0.075 seconds
[2024-10-16T21:40:52.541+0000] {processor.py:157} INFO - Started process (PID=62) to work on /opt/airflow/dags/reddit_dag.py
[2024-10-16T21:40:52.545+0000] {processor.py:829} INFO - Processing file /opt/airflow/dags/reddit_dag.py for tasks to queue
[2024-10-16T21:40:52.551+0000] {logging_mixin.py:151} INFO - [2024-10-16T21:40:52.551+0000] {dagbag.py:536} INFO - Filling up the DagBag from /opt/airflow/dags/reddit_dag.py
[2024-10-16T21:40:52.564+0000] {processor.py:841} WARNING - No viable dags retrieved from /opt/airflow/dags/reddit_dag.py
[2024-10-16T21:40:52.593+0000] {processor.py:179} INFO - Processing /opt/airflow/dags/reddit_dag.py took 0.065 seconds
[2024-10-16T21:41:23.015+0000] {processor.py:157} INFO - Started process (PID=63) to work on /opt/airflow/dags/reddit_dag.py
[2024-10-16T21:41:23.019+0000] {processor.py:829} INFO - Processing file /opt/airflow/dags/reddit_dag.py for tasks to queue
[2024-10-16T21:41:23.024+0000] {logging_mixin.py:151} INFO - [2024-10-16T21:41:23.024+0000] {dagbag.py:536} INFO - Filling up the DagBag from /opt/airflow/dags/reddit_dag.py
[2024-10-16T21:41:23.035+0000] {processor.py:841} WARNING - No viable dags retrieved from /opt/airflow/dags/reddit_dag.py
[2024-10-16T21:41:23.073+0000] {processor.py:179} INFO - Processing /opt/airflow/dags/reddit_dag.py took 0.069 seconds
[2024-10-16T21:41:53.460+0000] {processor.py:157} INFO - Started process (PID=64) to work on /opt/airflow/dags/reddit_dag.py
[2024-10-16T21:41:53.464+0000] {processor.py:829} INFO - Processing file /opt/airflow/dags/reddit_dag.py for tasks to queue
[2024-10-16T21:41:53.470+0000] {logging_mixin.py:151} INFO - [2024-10-16T21:41:53.470+0000] {dagbag.py:536} INFO - Filling up the DagBag from /opt/airflow/dags/reddit_dag.py
[2024-10-16T21:41:53.482+0000] {processor.py:841} WARNING - No viable dags retrieved from /opt/airflow/dags/reddit_dag.py
[2024-10-16T21:41:53.511+0000] {processor.py:179} INFO - Processing /opt/airflow/dags/reddit_dag.py took 0.059 seconds
[2024-10-16T21:42:23.885+0000] {processor.py:157} INFO - Started process (PID=65) to work on /opt/airflow/dags/reddit_dag.py
[2024-10-16T21:42:23.888+0000] {processor.py:829} INFO - Processing file /opt/airflow/dags/reddit_dag.py for tasks to queue
[2024-10-16T21:42:23.896+0000] {logging_mixin.py:151} INFO - [2024-10-16T21:42:23.895+0000] {dagbag.py:536} INFO - Filling up the DagBag from /opt/airflow/dags/reddit_dag.py
[2024-10-16T21:42:23.910+0000] {processor.py:841} WARNING - No viable dags retrieved from /opt/airflow/dags/reddit_dag.py
[2024-10-16T21:42:23.942+0000] {processor.py:179} INFO - Processing /opt/airflow/dags/reddit_dag.py took 0.067 seconds
[2024-10-16T21:42:54.380+0000] {processor.py:157} INFO - Started process (PID=66) to work on /opt/airflow/dags/reddit_dag.py
[2024-10-16T21:42:54.383+0000] {processor.py:829} INFO - Processing file /opt/airflow/dags/reddit_dag.py for tasks to queue
[2024-10-16T21:42:54.391+0000] {logging_mixin.py:151} INFO - [2024-10-16T21:42:54.390+0000] {dagbag.py:536} INFO - Filling up the DagBag from /opt/airflow/dags/reddit_dag.py
[2024-10-16T21:42:54.402+0000] {processor.py:841} WARNING - No viable dags retrieved from /opt/airflow/dags/reddit_dag.py
[2024-10-16T21:42:54.454+0000] {processor.py:179} INFO - Processing /opt/airflow/dags/reddit_dag.py took 0.083 seconds
[2024-10-16T21:43:24.875+0000] {processor.py:157} INFO - Started process (PID=67) to work on /opt/airflow/dags/reddit_dag.py
[2024-10-16T21:43:24.878+0000] {processor.py:829} INFO - Processing file /opt/airflow/dags/reddit_dag.py for tasks to queue
[2024-10-16T21:43:24.896+0000] {logging_mixin.py:151} INFO - [2024-10-16T21:43:24.894+0000] {dagbag.py:536} INFO - Filling up the DagBag from /opt/airflow/dags/reddit_dag.py
[2024-10-16T21:43:24.910+0000] {processor.py:841} WARNING - No viable dags retrieved from /opt/airflow/dags/reddit_dag.py
[2024-10-16T21:43:24.935+0000] {processor.py:179} INFO - Processing /opt/airflow/dags/reddit_dag.py took 0.070 seconds
[2024-10-16T21:43:55.447+0000] {processor.py:157} INFO - Started process (PID=68) to work on /opt/airflow/dags/reddit_dag.py
[2024-10-16T21:43:55.451+0000] {processor.py:829} INFO - Processing file /opt/airflow/dags/reddit_dag.py for tasks to queue
[2024-10-16T21:43:55.471+0000] {logging_mixin.py:151} INFO - [2024-10-16T21:43:55.468+0000] {dagbag.py:536} INFO - Filling up the DagBag from /opt/airflow/dags/reddit_dag.py
[2024-10-16T21:43:55.481+0000] {processor.py:841} WARNING - No viable dags retrieved from /opt/airflow/dags/reddit_dag.py
[2024-10-16T21:43:55.507+0000] {processor.py:179} INFO - Processing /opt/airflow/dags/reddit_dag.py took 0.081 seconds
[2024-10-16T21:44:25.945+0000] {processor.py:157} INFO - Started process (PID=69) to work on /opt/airflow/dags/reddit_dag.py
[2024-10-16T21:44:25.950+0000] {processor.py:829} INFO - Processing file /opt/airflow/dags/reddit_dag.py for tasks to queue
[2024-10-16T21:44:25.959+0000] {logging_mixin.py:151} INFO - [2024-10-16T21:44:25.958+0000] {dagbag.py:536} INFO - Filling up the DagBag from /opt/airflow/dags/reddit_dag.py
[2024-10-16T21:44:25.971+0000] {processor.py:841} WARNING - No viable dags retrieved from /opt/airflow/dags/reddit_dag.py
[2024-10-16T21:44:26.000+0000] {processor.py:179} INFO - Processing /opt/airflow/dags/reddit_dag.py took 0.082 seconds
[2024-10-16T21:44:56.448+0000] {processor.py:157} INFO - Started process (PID=70) to work on /opt/airflow/dags/reddit_dag.py
[2024-10-16T21:44:56.451+0000] {processor.py:829} INFO - Processing file /opt/airflow/dags/reddit_dag.py for tasks to queue
[2024-10-16T21:44:56.466+0000] {logging_mixin.py:151} INFO - [2024-10-16T21:44:56.465+0000] {dagbag.py:536} INFO - Filling up the DagBag from /opt/airflow/dags/reddit_dag.py
[2024-10-16T21:44:56.485+0000] {processor.py:841} WARNING - No viable dags retrieved from /opt/airflow/dags/reddit_dag.py
[2024-10-16T21:44:56.511+0000] {processor.py:179} INFO - Processing /opt/airflow/dags/reddit_dag.py took 0.074 seconds
[2024-10-16T21:45:27.004+0000] {processor.py:157} INFO - Started process (PID=71) to work on /opt/airflow/dags/reddit_dag.py
[2024-10-16T21:45:27.007+0000] {processor.py:829} INFO - Processing file /opt/airflow/dags/reddit_dag.py for tasks to queue
[2024-10-16T21:45:27.013+0000] {logging_mixin.py:151} INFO - [2024-10-16T21:45:27.012+0000] {dagbag.py:536} INFO - Filling up the DagBag from /opt/airflow/dags/reddit_dag.py
[2024-10-16T21:45:27.024+0000] {processor.py:841} WARNING - No viable dags retrieved from /opt/airflow/dags/reddit_dag.py
[2024-10-16T21:45:27.063+0000] {processor.py:179} INFO - Processing /opt/airflow/dags/reddit_dag.py took 0.068 seconds
[2024-10-16T21:45:57.681+0000] {processor.py:157} INFO - Started process (PID=72) to work on /opt/airflow/dags/reddit_dag.py
[2024-10-16T21:45:57.684+0000] {processor.py:829} INFO - Processing file /opt/airflow/dags/reddit_dag.py for tasks to queue
[2024-10-16T21:45:57.690+0000] {logging_mixin.py:151} INFO - [2024-10-16T21:45:57.689+0000] {dagbag.py:536} INFO - Filling up the DagBag from /opt/airflow/dags/reddit_dag.py
[2024-10-16T21:45:57.700+0000] {processor.py:841} WARNING - No viable dags retrieved from /opt/airflow/dags/reddit_dag.py
[2024-10-16T21:45:57.725+0000] {processor.py:179} INFO - Processing /opt/airflow/dags/reddit_dag.py took 0.054 seconds
[2024-10-16T21:46:28.702+0000] {processor.py:157} INFO - Started process (PID=73) to work on /opt/airflow/dags/reddit_dag.py
[2024-10-16T21:46:28.706+0000] {processor.py:829} INFO - Processing file /opt/airflow/dags/reddit_dag.py for tasks to queue
[2024-10-16T21:46:28.713+0000] {logging_mixin.py:151} INFO - [2024-10-16T21:46:28.712+0000] {dagbag.py:536} INFO - Filling up the DagBag from /opt/airflow/dags/reddit_dag.py
[2024-10-16T21:46:28.726+0000] {processor.py:841} WARNING - No viable dags retrieved from /opt/airflow/dags/reddit_dag.py
[2024-10-16T21:46:28.803+0000] {processor.py:179} INFO - Processing /opt/airflow/dags/reddit_dag.py took 0.128 seconds
[2024-10-16T21:46:59.385+0000] {processor.py:157} INFO - Started process (PID=74) to work on /opt/airflow/dags/reddit_dag.py
[2024-10-16T21:46:59.394+0000] {processor.py:829} INFO - Processing file /opt/airflow/dags/reddit_dag.py for tasks to queue
[2024-10-16T21:46:59.415+0000] {logging_mixin.py:151} INFO - [2024-10-16T21:46:59.414+0000] {dagbag.py:536} INFO - Filling up the DagBag from /opt/airflow/dags/reddit_dag.py
[2024-10-16T21:46:59.427+0000] {processor.py:841} WARNING - No viable dags retrieved from /opt/airflow/dags/reddit_dag.py
[2024-10-16T21:46:59.449+0000] {processor.py:179} INFO - Processing /opt/airflow/dags/reddit_dag.py took 0.071 seconds
[2024-10-16T21:47:29.929+0000] {processor.py:157} INFO - Started process (PID=75) to work on /opt/airflow/dags/reddit_dag.py
[2024-10-16T21:47:29.932+0000] {processor.py:829} INFO - Processing file /opt/airflow/dags/reddit_dag.py for tasks to queue
[2024-10-16T21:47:29.943+0000] {logging_mixin.py:151} INFO - [2024-10-16T21:47:29.942+0000] {dagbag.py:536} INFO - Filling up the DagBag from /opt/airflow/dags/reddit_dag.py
[2024-10-16T21:47:29.955+0000] {processor.py:841} WARNING - No viable dags retrieved from /opt/airflow/dags/reddit_dag.py
[2024-10-16T21:47:30.007+0000] {processor.py:179} INFO - Processing /opt/airflow/dags/reddit_dag.py took 0.088 seconds
[2024-10-16T21:48:00.544+0000] {processor.py:157} INFO - Started process (PID=76) to work on /opt/airflow/dags/reddit_dag.py
[2024-10-16T21:48:00.577+0000] {processor.py:829} INFO - Processing file /opt/airflow/dags/reddit_dag.py for tasks to queue
[2024-10-16T21:48:00.602+0000] {logging_mixin.py:151} INFO - [2024-10-16T21:48:00.601+0000] {dagbag.py:536} INFO - Filling up the DagBag from /opt/airflow/dags/reddit_dag.py
[2024-10-16T21:48:00.613+0000] {processor.py:841} WARNING - No viable dags retrieved from /opt/airflow/dags/reddit_dag.py
[2024-10-16T21:48:00.644+0000] {processor.py:179} INFO - Processing /opt/airflow/dags/reddit_dag.py took 0.111 seconds
[2024-10-16T21:48:31.307+0000] {processor.py:157} INFO - Started process (PID=77) to work on /opt/airflow/dags/reddit_dag.py
[2024-10-16T21:48:31.310+0000] {processor.py:829} INFO - Processing file /opt/airflow/dags/reddit_dag.py for tasks to queue
[2024-10-16T21:48:31.330+0000] {logging_mixin.py:151} INFO - [2024-10-16T21:48:31.327+0000] {dagbag.py:536} INFO - Filling up the DagBag from /opt/airflow/dags/reddit_dag.py
[2024-10-16T21:48:31.346+0000] {processor.py:841} WARNING - No viable dags retrieved from /opt/airflow/dags/reddit_dag.py
[2024-10-16T21:48:31.375+0000] {processor.py:179} INFO - Processing /opt/airflow/dags/reddit_dag.py took 0.077 seconds
[2024-10-16T21:49:01.950+0000] {processor.py:157} INFO - Started process (PID=78) to work on /opt/airflow/dags/reddit_dag.py
[2024-10-16T21:49:01.953+0000] {processor.py:829} INFO - Processing file /opt/airflow/dags/reddit_dag.py for tasks to queue
[2024-10-16T21:49:01.958+0000] {logging_mixin.py:151} INFO - [2024-10-16T21:49:01.958+0000] {dagbag.py:536} INFO - Filling up the DagBag from /opt/airflow/dags/reddit_dag.py
[2024-10-16T21:49:01.968+0000] {processor.py:841} WARNING - No viable dags retrieved from /opt/airflow/dags/reddit_dag.py
[2024-10-16T21:49:02.004+0000] {processor.py:179} INFO - Processing /opt/airflow/dags/reddit_dag.py took 0.064 seconds
[2024-10-16T21:49:32.746+0000] {processor.py:157} INFO - Started process (PID=79) to work on /opt/airflow/dags/reddit_dag.py
[2024-10-16T21:49:32.750+0000] {processor.py:829} INFO - Processing file /opt/airflow/dags/reddit_dag.py for tasks to queue
[2024-10-16T21:49:32.757+0000] {logging_mixin.py:151} INFO - [2024-10-16T21:49:32.756+0000] {dagbag.py:536} INFO - Filling up the DagBag from /opt/airflow/dags/reddit_dag.py
[2024-10-16T21:49:32.768+0000] {processor.py:841} WARNING - No viable dags retrieved from /opt/airflow/dags/reddit_dag.py
[2024-10-16T21:49:32.820+0000] {processor.py:179} INFO - Processing /opt/airflow/dags/reddit_dag.py took 0.082 seconds
[2024-10-16T21:50:03.245+0000] {processor.py:157} INFO - Started process (PID=80) to work on /opt/airflow/dags/reddit_dag.py
[2024-10-16T21:50:03.248+0000] {processor.py:829} INFO - Processing file /opt/airflow/dags/reddit_dag.py for tasks to queue
[2024-10-16T21:50:03.262+0000] {logging_mixin.py:151} INFO - [2024-10-16T21:50:03.258+0000] {dagbag.py:536} INFO - Filling up the DagBag from /opt/airflow/dags/reddit_dag.py
[2024-10-16T21:50:03.284+0000] {processor.py:841} WARNING - No viable dags retrieved from /opt/airflow/dags/reddit_dag.py
[2024-10-16T21:50:03.325+0000] {processor.py:179} INFO - Processing /opt/airflow/dags/reddit_dag.py took 0.090 seconds
[2024-10-16T21:50:33.828+0000] {processor.py:157} INFO - Started process (PID=81) to work on /opt/airflow/dags/reddit_dag.py
[2024-10-16T21:50:33.833+0000] {processor.py:829} INFO - Processing file /opt/airflow/dags/reddit_dag.py for tasks to queue
[2024-10-16T21:50:33.840+0000] {logging_mixin.py:151} INFO - [2024-10-16T21:50:33.840+0000] {dagbag.py:536} INFO - Filling up the DagBag from /opt/airflow/dags/reddit_dag.py
[2024-10-16T21:50:33.853+0000] {processor.py:841} WARNING - No viable dags retrieved from /opt/airflow/dags/reddit_dag.py
[2024-10-16T21:50:33.887+0000] {processor.py:179} INFO - Processing /opt/airflow/dags/reddit_dag.py took 0.070 seconds
[2024-10-16T21:51:04.433+0000] {processor.py:157} INFO - Started process (PID=82) to work on /opt/airflow/dags/reddit_dag.py
[2024-10-16T21:51:04.437+0000] {processor.py:829} INFO - Processing file /opt/airflow/dags/reddit_dag.py for tasks to queue
[2024-10-16T21:51:04.443+0000] {logging_mixin.py:151} INFO - [2024-10-16T21:51:04.443+0000] {dagbag.py:536} INFO - Filling up the DagBag from /opt/airflow/dags/reddit_dag.py
[2024-10-16T21:51:04.456+0000] {processor.py:841} WARNING - No viable dags retrieved from /opt/airflow/dags/reddit_dag.py
[2024-10-16T21:51:04.488+0000] {processor.py:179} INFO - Processing /opt/airflow/dags/reddit_dag.py took 0.070 seconds
[2024-10-16T21:51:35.029+0000] {processor.py:157} INFO - Started process (PID=83) to work on /opt/airflow/dags/reddit_dag.py
[2024-10-16T21:51:35.032+0000] {processor.py:829} INFO - Processing file /opt/airflow/dags/reddit_dag.py for tasks to queue
[2024-10-16T21:51:35.039+0000] {logging_mixin.py:151} INFO - [2024-10-16T21:51:35.038+0000] {dagbag.py:536} INFO - Filling up the DagBag from /opt/airflow/dags/reddit_dag.py
[2024-10-16T21:51:35.058+0000] {processor.py:841} WARNING - No viable dags retrieved from /opt/airflow/dags/reddit_dag.py
[2024-10-16T21:51:35.099+0000] {processor.py:179} INFO - Processing /opt/airflow/dags/reddit_dag.py took 0.089 seconds
[2024-10-16T21:52:05.699+0000] {processor.py:157} INFO - Started process (PID=84) to work on /opt/airflow/dags/reddit_dag.py
[2024-10-16T21:52:05.702+0000] {processor.py:829} INFO - Processing file /opt/airflow/dags/reddit_dag.py for tasks to queue
[2024-10-16T21:52:05.711+0000] {logging_mixin.py:151} INFO - [2024-10-16T21:52:05.710+0000] {dagbag.py:536} INFO - Filling up the DagBag from /opt/airflow/dags/reddit_dag.py
[2024-10-16T21:52:05.739+0000] {processor.py:841} WARNING - No viable dags retrieved from /opt/airflow/dags/reddit_dag.py
[2024-10-16T21:52:05.770+0000] {processor.py:179} INFO - Processing /opt/airflow/dags/reddit_dag.py took 0.080 seconds
[2024-10-16T21:52:36.390+0000] {processor.py:157} INFO - Started process (PID=85) to work on /opt/airflow/dags/reddit_dag.py
[2024-10-16T21:52:36.394+0000] {processor.py:829} INFO - Processing file /opt/airflow/dags/reddit_dag.py for tasks to queue
[2024-10-16T21:52:36.402+0000] {logging_mixin.py:151} INFO - [2024-10-16T21:52:36.401+0000] {dagbag.py:536} INFO - Filling up the DagBag from /opt/airflow/dags/reddit_dag.py
[2024-10-16T21:52:36.417+0000] {processor.py:841} WARNING - No viable dags retrieved from /opt/airflow/dags/reddit_dag.py
[2024-10-16T21:52:36.468+0000] {processor.py:179} INFO - Processing /opt/airflow/dags/reddit_dag.py took 0.096 seconds
[2024-10-16T21:53:07.022+0000] {processor.py:157} INFO - Started process (PID=86) to work on /opt/airflow/dags/reddit_dag.py
[2024-10-16T21:53:07.026+0000] {processor.py:829} INFO - Processing file /opt/airflow/dags/reddit_dag.py for tasks to queue
[2024-10-16T21:53:07.033+0000] {logging_mixin.py:151} INFO - [2024-10-16T21:53:07.032+0000] {dagbag.py:536} INFO - Filling up the DagBag from /opt/airflow/dags/reddit_dag.py
[2024-10-16T21:53:07.043+0000] {processor.py:841} WARNING - No viable dags retrieved from /opt/airflow/dags/reddit_dag.py
[2024-10-16T21:53:07.073+0000] {processor.py:179} INFO - Processing /opt/airflow/dags/reddit_dag.py took 0.075 seconds
[2024-10-16T21:53:37.473+0000] {processor.py:157} INFO - Started process (PID=87) to work on /opt/airflow/dags/reddit_dag.py
[2024-10-16T21:53:37.476+0000] {processor.py:829} INFO - Processing file /opt/airflow/dags/reddit_dag.py for tasks to queue
[2024-10-16T21:53:37.483+0000] {logging_mixin.py:151} INFO - [2024-10-16T21:53:37.482+0000] {dagbag.py:536} INFO - Filling up the DagBag from /opt/airflow/dags/reddit_dag.py
[2024-10-16T21:53:37.508+0000] {processor.py:841} WARNING - No viable dags retrieved from /opt/airflow/dags/reddit_dag.py
[2024-10-16T21:53:37.546+0000] {processor.py:179} INFO - Processing /opt/airflow/dags/reddit_dag.py took 0.082 seconds
[2024-10-16T21:54:07.905+0000] {processor.py:157} INFO - Started process (PID=88) to work on /opt/airflow/dags/reddit_dag.py
[2024-10-16T21:54:07.908+0000] {processor.py:829} INFO - Processing file /opt/airflow/dags/reddit_dag.py for tasks to queue
[2024-10-16T21:54:07.915+0000] {logging_mixin.py:151} INFO - [2024-10-16T21:54:07.914+0000] {dagbag.py:536} INFO - Filling up the DagBag from /opt/airflow/dags/reddit_dag.py
[2024-10-16T21:54:07.940+0000] {processor.py:841} WARNING - No viable dags retrieved from /opt/airflow/dags/reddit_dag.py
[2024-10-16T21:54:07.970+0000] {processor.py:179} INFO - Processing /opt/airflow/dags/reddit_dag.py took 0.075 seconds
[2024-10-16T21:54:38.490+0000] {processor.py:157} INFO - Started process (PID=89) to work on /opt/airflow/dags/reddit_dag.py
[2024-10-16T21:54:38.493+0000] {processor.py:829} INFO - Processing file /opt/airflow/dags/reddit_dag.py for tasks to queue
[2024-10-16T21:54:38.514+0000] {logging_mixin.py:151} INFO - [2024-10-16T21:54:38.513+0000] {dagbag.py:536} INFO - Filling up the DagBag from /opt/airflow/dags/reddit_dag.py
[2024-10-16T21:54:38.525+0000] {processor.py:841} WARNING - No viable dags retrieved from /opt/airflow/dags/reddit_dag.py
[2024-10-16T21:54:38.558+0000] {processor.py:179} INFO - Processing /opt/airflow/dags/reddit_dag.py took 0.077 seconds
[2024-10-16T21:55:09.082+0000] {processor.py:157} INFO - Started process (PID=90) to work on /opt/airflow/dags/reddit_dag.py
[2024-10-16T21:55:09.086+0000] {processor.py:829} INFO - Processing file /opt/airflow/dags/reddit_dag.py for tasks to queue
[2024-10-16T21:55:09.092+0000] {logging_mixin.py:151} INFO - [2024-10-16T21:55:09.092+0000] {dagbag.py:536} INFO - Filling up the DagBag from /opt/airflow/dags/reddit_dag.py
[2024-10-16T21:55:09.104+0000] {processor.py:841} WARNING - No viable dags retrieved from /opt/airflow/dags/reddit_dag.py
[2024-10-16T21:55:09.138+0000] {processor.py:179} INFO - Processing /opt/airflow/dags/reddit_dag.py took 0.077 seconds
[2024-10-16T21:55:39.677+0000] {processor.py:157} INFO - Started process (PID=91) to work on /opt/airflow/dags/reddit_dag.py
[2024-10-16T21:55:39.682+0000] {processor.py:829} INFO - Processing file /opt/airflow/dags/reddit_dag.py for tasks to queue
[2024-10-16T21:55:39.702+0000] {logging_mixin.py:151} INFO - [2024-10-16T21:55:39.701+0000] {dagbag.py:536} INFO - Filling up the DagBag from /opt/airflow/dags/reddit_dag.py
[2024-10-16T21:55:39.715+0000] {processor.py:841} WARNING - No viable dags retrieved from /opt/airflow/dags/reddit_dag.py
[2024-10-16T21:55:39.745+0000] {processor.py:179} INFO - Processing /opt/airflow/dags/reddit_dag.py took 0.077 seconds
[2024-10-16T21:56:10.374+0000] {processor.py:157} INFO - Started process (PID=92) to work on /opt/airflow/dags/reddit_dag.py
[2024-10-16T21:56:10.380+0000] {processor.py:829} INFO - Processing file /opt/airflow/dags/reddit_dag.py for tasks to queue
[2024-10-16T21:56:10.387+0000] {logging_mixin.py:151} INFO - [2024-10-16T21:56:10.386+0000] {dagbag.py:536} INFO - Filling up the DagBag from /opt/airflow/dags/reddit_dag.py
[2024-10-16T21:56:10.403+0000] {processor.py:841} WARNING - No viable dags retrieved from /opt/airflow/dags/reddit_dag.py
[2024-10-16T21:56:10.435+0000] {processor.py:179} INFO - Processing /opt/airflow/dags/reddit_dag.py took 0.098 seconds
[2024-10-16T21:56:41.014+0000] {processor.py:157} INFO - Started process (PID=93) to work on /opt/airflow/dags/reddit_dag.py
[2024-10-16T21:56:41.017+0000] {processor.py:829} INFO - Processing file /opt/airflow/dags/reddit_dag.py for tasks to queue
[2024-10-16T21:56:41.023+0000] {logging_mixin.py:151} INFO - [2024-10-16T21:56:41.023+0000] {dagbag.py:536} INFO - Filling up the DagBag from /opt/airflow/dags/reddit_dag.py
[2024-10-16T21:56:41.041+0000] {processor.py:841} WARNING - No viable dags retrieved from /opt/airflow/dags/reddit_dag.py
[2024-10-16T21:56:41.080+0000] {processor.py:179} INFO - Processing /opt/airflow/dags/reddit_dag.py took 0.074 seconds
[2024-10-16T21:57:11.667+0000] {processor.py:157} INFO - Started process (PID=94) to work on /opt/airflow/dags/reddit_dag.py
[2024-10-16T21:57:11.671+0000] {processor.py:829} INFO - Processing file /opt/airflow/dags/reddit_dag.py for tasks to queue
[2024-10-16T21:57:11.678+0000] {logging_mixin.py:151} INFO - [2024-10-16T21:57:11.677+0000] {dagbag.py:536} INFO - Filling up the DagBag from /opt/airflow/dags/reddit_dag.py
[2024-10-16T21:57:11.690+0000] {processor.py:841} WARNING - No viable dags retrieved from /opt/airflow/dags/reddit_dag.py
[2024-10-16T21:57:11.716+0000] {processor.py:179} INFO - Processing /opt/airflow/dags/reddit_dag.py took 0.061 seconds
[2024-10-16T21:57:42.196+0000] {processor.py:157} INFO - Started process (PID=95) to work on /opt/airflow/dags/reddit_dag.py
[2024-10-16T21:57:42.200+0000] {processor.py:829} INFO - Processing file /opt/airflow/dags/reddit_dag.py for tasks to queue
[2024-10-16T21:57:42.206+0000] {logging_mixin.py:151} INFO - [2024-10-16T21:57:42.205+0000] {dagbag.py:536} INFO - Filling up the DagBag from /opt/airflow/dags/reddit_dag.py
[2024-10-16T21:57:42.216+0000] {processor.py:841} WARNING - No viable dags retrieved from /opt/airflow/dags/reddit_dag.py
[2024-10-16T21:57:42.243+0000] {processor.py:179} INFO - Processing /opt/airflow/dags/reddit_dag.py took 0.056 seconds
[2024-10-16T21:58:12.896+0000] {processor.py:157} INFO - Started process (PID=96) to work on /opt/airflow/dags/reddit_dag.py
[2024-10-16T21:58:12.899+0000] {processor.py:829} INFO - Processing file /opt/airflow/dags/reddit_dag.py for tasks to queue
[2024-10-16T21:58:12.906+0000] {logging_mixin.py:151} INFO - [2024-10-16T21:58:12.905+0000] {dagbag.py:536} INFO - Filling up the DagBag from /opt/airflow/dags/reddit_dag.py
[2024-10-16T21:58:12.919+0000] {processor.py:841} WARNING - No viable dags retrieved from /opt/airflow/dags/reddit_dag.py
[2024-10-16T21:58:12.964+0000] {processor.py:179} INFO - Processing /opt/airflow/dags/reddit_dag.py took 0.087 seconds
[2024-10-16T21:58:43.498+0000] {processor.py:157} INFO - Started process (PID=97) to work on /opt/airflow/dags/reddit_dag.py
[2024-10-16T21:58:43.503+0000] {processor.py:829} INFO - Processing file /opt/airflow/dags/reddit_dag.py for tasks to queue
[2024-10-16T21:58:43.509+0000] {logging_mixin.py:151} INFO - [2024-10-16T21:58:43.508+0000] {dagbag.py:536} INFO - Filling up the DagBag from /opt/airflow/dags/reddit_dag.py
[2024-10-16T21:58:43.519+0000] {processor.py:841} WARNING - No viable dags retrieved from /opt/airflow/dags/reddit_dag.py
[2024-10-16T21:58:43.546+0000] {processor.py:179} INFO - Processing /opt/airflow/dags/reddit_dag.py took 0.057 seconds
[2024-10-16T21:59:14.008+0000] {processor.py:157} INFO - Started process (PID=98) to work on /opt/airflow/dags/reddit_dag.py
[2024-10-16T21:59:14.011+0000] {processor.py:829} INFO - Processing file /opt/airflow/dags/reddit_dag.py for tasks to queue
[2024-10-16T21:59:14.017+0000] {logging_mixin.py:151} INFO - [2024-10-16T21:59:14.016+0000] {dagbag.py:536} INFO - Filling up the DagBag from /opt/airflow/dags/reddit_dag.py
[2024-10-16T21:59:14.027+0000] {processor.py:841} WARNING - No viable dags retrieved from /opt/airflow/dags/reddit_dag.py
[2024-10-16T21:59:14.075+0000] {processor.py:179} INFO - Processing /opt/airflow/dags/reddit_dag.py took 0.076 seconds
[2024-10-16T21:59:44.543+0000] {processor.py:157} INFO - Started process (PID=99) to work on /opt/airflow/dags/reddit_dag.py
[2024-10-16T21:59:44.547+0000] {processor.py:829} INFO - Processing file /opt/airflow/dags/reddit_dag.py for tasks to queue
[2024-10-16T21:59:44.553+0000] {logging_mixin.py:151} INFO - [2024-10-16T21:59:44.552+0000] {dagbag.py:536} INFO - Filling up the DagBag from /opt/airflow/dags/reddit_dag.py
[2024-10-16T21:59:44.565+0000] {processor.py:841} WARNING - No viable dags retrieved from /opt/airflow/dags/reddit_dag.py
[2024-10-16T21:59:44.593+0000] {processor.py:179} INFO - Processing /opt/airflow/dags/reddit_dag.py took 0.059 seconds
[2024-10-16T22:00:15.157+0000] {processor.py:157} INFO - Started process (PID=100) to work on /opt/airflow/dags/reddit_dag.py
[2024-10-16T22:00:15.161+0000] {processor.py:829} INFO - Processing file /opt/airflow/dags/reddit_dag.py for tasks to queue
[2024-10-16T22:00:15.169+0000] {logging_mixin.py:151} INFO - [2024-10-16T22:00:15.169+0000] {dagbag.py:536} INFO - Filling up the DagBag from /opt/airflow/dags/reddit_dag.py
[2024-10-16T22:00:15.182+0000] {processor.py:841} WARNING - No viable dags retrieved from /opt/airflow/dags/reddit_dag.py
[2024-10-16T22:00:15.209+0000] {processor.py:179} INFO - Processing /opt/airflow/dags/reddit_dag.py took 0.075 seconds
[2024-10-16T22:00:45.803+0000] {processor.py:157} INFO - Started process (PID=101) to work on /opt/airflow/dags/reddit_dag.py
[2024-10-16T22:00:45.807+0000] {processor.py:829} INFO - Processing file /opt/airflow/dags/reddit_dag.py for tasks to queue
[2024-10-16T22:00:45.815+0000] {logging_mixin.py:151} INFO - [2024-10-16T22:00:45.814+0000] {dagbag.py:536} INFO - Filling up the DagBag from /opt/airflow/dags/reddit_dag.py
[2024-10-16T22:00:45.827+0000] {processor.py:841} WARNING - No viable dags retrieved from /opt/airflow/dags/reddit_dag.py
[2024-10-16T22:00:45.865+0000] {processor.py:179} INFO - Processing /opt/airflow/dags/reddit_dag.py took 0.088 seconds
[2024-10-16T22:01:16.247+0000] {processor.py:157} INFO - Started process (PID=102) to work on /opt/airflow/dags/reddit_dag.py
[2024-10-16T22:01:16.250+0000] {processor.py:829} INFO - Processing file /opt/airflow/dags/reddit_dag.py for tasks to queue
[2024-10-16T22:01:16.280+0000] {logging_mixin.py:151} INFO - [2024-10-16T22:01:16.279+0000] {dagbag.py:536} INFO - Filling up the DagBag from /opt/airflow/dags/reddit_dag.py
[2024-10-16T22:01:16.293+0000] {processor.py:841} WARNING - No viable dags retrieved from /opt/airflow/dags/reddit_dag.py
[2024-10-16T22:01:16.326+0000] {processor.py:179} INFO - Processing /opt/airflow/dags/reddit_dag.py took 0.087 seconds
[2024-10-16T22:01:46.873+0000] {processor.py:157} INFO - Started process (PID=103) to work on /opt/airflow/dags/reddit_dag.py
[2024-10-16T22:01:46.884+0000] {processor.py:829} INFO - Processing file /opt/airflow/dags/reddit_dag.py for tasks to queue
[2024-10-16T22:01:46.892+0000] {logging_mixin.py:151} INFO - [2024-10-16T22:01:46.892+0000] {dagbag.py:536} INFO - Filling up the DagBag from /opt/airflow/dags/reddit_dag.py
[2024-10-16T22:01:46.942+0000] {processor.py:841} WARNING - No viable dags retrieved from /opt/airflow/dags/reddit_dag.py
[2024-10-16T22:01:47.006+0000] {processor.py:179} INFO - Processing /opt/airflow/dags/reddit_dag.py took 0.168 seconds
[2024-10-16T22:02:17.564+0000] {processor.py:157} INFO - Started process (PID=104) to work on /opt/airflow/dags/reddit_dag.py
[2024-10-16T22:02:17.568+0000] {processor.py:829} INFO - Processing file /opt/airflow/dags/reddit_dag.py for tasks to queue
[2024-10-16T22:02:17.575+0000] {logging_mixin.py:151} INFO - [2024-10-16T22:02:17.574+0000] {dagbag.py:536} INFO - Filling up the DagBag from /opt/airflow/dags/reddit_dag.py
[2024-10-16T22:02:17.588+0000] {processor.py:841} WARNING - No viable dags retrieved from /opt/airflow/dags/reddit_dag.py
[2024-10-16T22:02:17.640+0000] {processor.py:179} INFO - Processing /opt/airflow/dags/reddit_dag.py took 0.086 seconds
[2024-10-16T22:02:48.289+0000] {processor.py:157} INFO - Started process (PID=105) to work on /opt/airflow/dags/reddit_dag.py
[2024-10-16T22:02:48.293+0000] {processor.py:829} INFO - Processing file /opt/airflow/dags/reddit_dag.py for tasks to queue
[2024-10-16T22:02:48.300+0000] {logging_mixin.py:151} INFO - [2024-10-16T22:02:48.300+0000] {dagbag.py:536} INFO - Filling up the DagBag from /opt/airflow/dags/reddit_dag.py
[2024-10-16T22:02:48.313+0000] {processor.py:841} WARNING - No viable dags retrieved from /opt/airflow/dags/reddit_dag.py
[2024-10-16T22:02:48.363+0000] {processor.py:179} INFO - Processing /opt/airflow/dags/reddit_dag.py took 0.085 seconds
[2024-10-16T22:03:18.872+0000] {processor.py:157} INFO - Started process (PID=106) to work on /opt/airflow/dags/reddit_dag.py
[2024-10-16T22:03:18.877+0000] {processor.py:829} INFO - Processing file /opt/airflow/dags/reddit_dag.py for tasks to queue
[2024-10-16T22:03:18.884+0000] {logging_mixin.py:151} INFO - [2024-10-16T22:03:18.883+0000] {dagbag.py:536} INFO - Filling up the DagBag from /opt/airflow/dags/reddit_dag.py
[2024-10-16T22:03:18.896+0000] {processor.py:841} WARNING - No viable dags retrieved from /opt/airflow/dags/reddit_dag.py
[2024-10-16T22:03:18.930+0000] {processor.py:179} INFO - Processing /opt/airflow/dags/reddit_dag.py took 0.081 seconds
[2024-10-16T22:03:49.740+0000] {processor.py:157} INFO - Started process (PID=107) to work on /opt/airflow/dags/reddit_dag.py
[2024-10-16T22:03:49.743+0000] {processor.py:829} INFO - Processing file /opt/airflow/dags/reddit_dag.py for tasks to queue
[2024-10-16T22:03:49.751+0000] {logging_mixin.py:151} INFO - [2024-10-16T22:03:49.750+0000] {dagbag.py:536} INFO - Filling up the DagBag from /opt/airflow/dags/reddit_dag.py
[2024-10-16T22:03:49.770+0000] {processor.py:841} WARNING - No viable dags retrieved from /opt/airflow/dags/reddit_dag.py
[2024-10-16T22:03:49.809+0000] {processor.py:179} INFO - Processing /opt/airflow/dags/reddit_dag.py took 0.078 seconds
[2024-10-16T22:04:20.777+0000] {processor.py:157} INFO - Started process (PID=108) to work on /opt/airflow/dags/reddit_dag.py
[2024-10-16T22:04:20.782+0000] {processor.py:829} INFO - Processing file /opt/airflow/dags/reddit_dag.py for tasks to queue
[2024-10-16T22:04:20.791+0000] {logging_mixin.py:151} INFO - [2024-10-16T22:04:20.790+0000] {dagbag.py:536} INFO - Filling up the DagBag from /opt/airflow/dags/reddit_dag.py
[2024-10-16T22:04:20.810+0000] {processor.py:841} WARNING - No viable dags retrieved from /opt/airflow/dags/reddit_dag.py
[2024-10-16T22:04:20.861+0000] {processor.py:179} INFO - Processing /opt/airflow/dags/reddit_dag.py took 0.101 seconds
[2024-10-16T22:04:51.538+0000] {processor.py:157} INFO - Started process (PID=109) to work on /opt/airflow/dags/reddit_dag.py
[2024-10-16T22:04:51.542+0000] {processor.py:829} INFO - Processing file /opt/airflow/dags/reddit_dag.py for tasks to queue
[2024-10-16T22:04:51.551+0000] {logging_mixin.py:151} INFO - [2024-10-16T22:04:51.550+0000] {dagbag.py:536} INFO - Filling up the DagBag from /opt/airflow/dags/reddit_dag.py
[2024-10-16T22:04:51.564+0000] {processor.py:841} WARNING - No viable dags retrieved from /opt/airflow/dags/reddit_dag.py
[2024-10-16T22:04:51.615+0000] {processor.py:179} INFO - Processing /opt/airflow/dags/reddit_dag.py took 0.089 seconds
[2024-10-16T22:05:22.303+0000] {processor.py:157} INFO - Started process (PID=110) to work on /opt/airflow/dags/reddit_dag.py
[2024-10-16T22:05:22.307+0000] {processor.py:829} INFO - Processing file /opt/airflow/dags/reddit_dag.py for tasks to queue
[2024-10-16T22:05:22.315+0000] {logging_mixin.py:151} INFO - [2024-10-16T22:05:22.315+0000] {dagbag.py:536} INFO - Filling up the DagBag from /opt/airflow/dags/reddit_dag.py
[2024-10-16T22:05:22.330+0000] {processor.py:841} WARNING - No viable dags retrieved from /opt/airflow/dags/reddit_dag.py
[2024-10-16T22:05:22.377+0000] {processor.py:179} INFO - Processing /opt/airflow/dags/reddit_dag.py took 0.083 seconds
[2024-10-16T22:05:53.007+0000] {processor.py:157} INFO - Started process (PID=111) to work on /opt/airflow/dags/reddit_dag.py
[2024-10-16T22:05:53.010+0000] {processor.py:829} INFO - Processing file /opt/airflow/dags/reddit_dag.py for tasks to queue
[2024-10-16T22:05:53.033+0000] {logging_mixin.py:151} INFO - [2024-10-16T22:05:53.032+0000] {dagbag.py:536} INFO - Filling up the DagBag from /opt/airflow/dags/reddit_dag.py
[2024-10-16T22:05:53.045+0000] {processor.py:841} WARNING - No viable dags retrieved from /opt/airflow/dags/reddit_dag.py
[2024-10-16T22:05:53.074+0000] {processor.py:179} INFO - Processing /opt/airflow/dags/reddit_dag.py took 0.075 seconds
[2024-10-16T22:06:23.749+0000] {processor.py:157} INFO - Started process (PID=112) to work on /opt/airflow/dags/reddit_dag.py
[2024-10-16T22:06:23.754+0000] {processor.py:829} INFO - Processing file /opt/airflow/dags/reddit_dag.py for tasks to queue
[2024-10-16T22:06:23.764+0000] {logging_mixin.py:151} INFO - [2024-10-16T22:06:23.763+0000] {dagbag.py:536} INFO - Filling up the DagBag from /opt/airflow/dags/reddit_dag.py
[2024-10-16T22:06:23.778+0000] {processor.py:841} WARNING - No viable dags retrieved from /opt/airflow/dags/reddit_dag.py
[2024-10-16T22:06:23.856+0000] {processor.py:179} INFO - Processing /opt/airflow/dags/reddit_dag.py took 0.123 seconds
[2024-10-16T22:06:54.601+0000] {processor.py:157} INFO - Started process (PID=113) to work on /opt/airflow/dags/reddit_dag.py
[2024-10-16T22:06:54.604+0000] {processor.py:829} INFO - Processing file /opt/airflow/dags/reddit_dag.py for tasks to queue
[2024-10-16T22:06:54.610+0000] {logging_mixin.py:151} INFO - [2024-10-16T22:06:54.609+0000] {dagbag.py:536} INFO - Filling up the DagBag from /opt/airflow/dags/reddit_dag.py
[2024-10-16T22:06:54.635+0000] {processor.py:841} WARNING - No viable dags retrieved from /opt/airflow/dags/reddit_dag.py
[2024-10-16T22:06:54.669+0000] {processor.py:179} INFO - Processing /opt/airflow/dags/reddit_dag.py took 0.078 seconds
[2024-10-16T22:07:25.072+0000] {processor.py:157} INFO - Started process (PID=114) to work on /opt/airflow/dags/reddit_dag.py
[2024-10-16T22:07:25.076+0000] {processor.py:829} INFO - Processing file /opt/airflow/dags/reddit_dag.py for tasks to queue
[2024-10-16T22:07:25.082+0000] {logging_mixin.py:151} INFO - [2024-10-16T22:07:25.081+0000] {dagbag.py:536} INFO - Filling up the DagBag from /opt/airflow/dags/reddit_dag.py
[2024-10-16T22:07:25.092+0000] {processor.py:841} WARNING - No viable dags retrieved from /opt/airflow/dags/reddit_dag.py
[2024-10-16T22:07:25.134+0000] {processor.py:179} INFO - Processing /opt/airflow/dags/reddit_dag.py took 0.071 seconds
[2024-10-16T22:07:55.597+0000] {processor.py:157} INFO - Started process (PID=115) to work on /opt/airflow/dags/reddit_dag.py
[2024-10-16T22:07:55.600+0000] {processor.py:829} INFO - Processing file /opt/airflow/dags/reddit_dag.py for tasks to queue
[2024-10-16T22:07:55.607+0000] {logging_mixin.py:151} INFO - [2024-10-16T22:07:55.607+0000] {dagbag.py:536} INFO - Filling up the DagBag from /opt/airflow/dags/reddit_dag.py
[2024-10-16T22:07:55.617+0000] {processor.py:841} WARNING - No viable dags retrieved from /opt/airflow/dags/reddit_dag.py
[2024-10-16T22:07:55.645+0000] {processor.py:179} INFO - Processing /opt/airflow/dags/reddit_dag.py took 0.061 seconds
[2024-10-16T22:08:26.317+0000] {processor.py:157} INFO - Started process (PID=116) to work on /opt/airflow/dags/reddit_dag.py
[2024-10-16T22:08:26.321+0000] {processor.py:829} INFO - Processing file /opt/airflow/dags/reddit_dag.py for tasks to queue
[2024-10-16T22:08:26.328+0000] {logging_mixin.py:151} INFO - [2024-10-16T22:08:26.328+0000] {dagbag.py:536} INFO - Filling up the DagBag from /opt/airflow/dags/reddit_dag.py
[2024-10-16T22:08:26.340+0000] {processor.py:841} WARNING - No viable dags retrieved from /opt/airflow/dags/reddit_dag.py
[2024-10-16T22:08:26.392+0000] {processor.py:179} INFO - Processing /opt/airflow/dags/reddit_dag.py took 0.084 seconds
[2024-10-16T22:08:56.737+0000] {processor.py:157} INFO - Started process (PID=117) to work on /opt/airflow/dags/reddit_dag.py
[2024-10-16T22:08:56.741+0000] {processor.py:829} INFO - Processing file /opt/airflow/dags/reddit_dag.py for tasks to queue
[2024-10-16T22:08:56.749+0000] {logging_mixin.py:151} INFO - [2024-10-16T22:08:56.749+0000] {dagbag.py:536} INFO - Filling up the DagBag from /opt/airflow/dags/reddit_dag.py
[2024-10-16T22:08:56.761+0000] {processor.py:841} WARNING - No viable dags retrieved from /opt/airflow/dags/reddit_dag.py
[2024-10-16T22:08:56.819+0000] {processor.py:179} INFO - Processing /opt/airflow/dags/reddit_dag.py took 0.092 seconds
[2024-10-16T22:09:27.476+0000] {processor.py:157} INFO - Started process (PID=118) to work on /opt/airflow/dags/reddit_dag.py
[2024-10-16T22:09:27.486+0000] {processor.py:829} INFO - Processing file /opt/airflow/dags/reddit_dag.py for tasks to queue
[2024-10-16T22:09:27.495+0000] {logging_mixin.py:151} INFO - [2024-10-16T22:09:27.494+0000] {dagbag.py:536} INFO - Filling up the DagBag from /opt/airflow/dags/reddit_dag.py
[2024-10-16T22:09:27.525+0000] {processor.py:841} WARNING - No viable dags retrieved from /opt/airflow/dags/reddit_dag.py
[2024-10-16T22:09:27.559+0000] {processor.py:179} INFO - Processing /opt/airflow/dags/reddit_dag.py took 0.097 seconds
[2024-10-16T22:09:58.022+0000] {processor.py:157} INFO - Started process (PID=119) to work on /opt/airflow/dags/reddit_dag.py
[2024-10-16T22:09:58.028+0000] {processor.py:829} INFO - Processing file /opt/airflow/dags/reddit_dag.py for tasks to queue
[2024-10-16T22:09:58.036+0000] {logging_mixin.py:151} INFO - [2024-10-16T22:09:58.035+0000] {dagbag.py:536} INFO - Filling up the DagBag from /opt/airflow/dags/reddit_dag.py
[2024-10-16T22:09:58.048+0000] {processor.py:841} WARNING - No viable dags retrieved from /opt/airflow/dags/reddit_dag.py
[2024-10-16T22:09:58.082+0000] {processor.py:179} INFO - Processing /opt/airflow/dags/reddit_dag.py took 0.078 seconds
[2024-10-16T22:10:28.770+0000] {processor.py:157} INFO - Started process (PID=120) to work on /opt/airflow/dags/reddit_dag.py
[2024-10-16T22:10:28.773+0000] {processor.py:829} INFO - Processing file /opt/airflow/dags/reddit_dag.py for tasks to queue
[2024-10-16T22:10:28.779+0000] {logging_mixin.py:151} INFO - [2024-10-16T22:10:28.779+0000] {dagbag.py:536} INFO - Filling up the DagBag from /opt/airflow/dags/reddit_dag.py
[2024-10-16T22:10:28.802+0000] {processor.py:841} WARNING - No viable dags retrieved from /opt/airflow/dags/reddit_dag.py
[2024-10-16T22:10:28.830+0000] {processor.py:179} INFO - Processing /opt/airflow/dags/reddit_dag.py took 0.069 seconds
[2024-10-16T22:10:59.127+0000] {processor.py:157} INFO - Started process (PID=121) to work on /opt/airflow/dags/reddit_dag.py
[2024-10-16T22:10:59.136+0000] {processor.py:829} INFO - Processing file /opt/airflow/dags/reddit_dag.py for tasks to queue
[2024-10-16T22:10:59.142+0000] {logging_mixin.py:151} INFO - [2024-10-16T22:10:59.141+0000] {dagbag.py:536} INFO - Filling up the DagBag from /opt/airflow/dags/reddit_dag.py
[2024-10-16T22:10:59.153+0000] {processor.py:841} WARNING - No viable dags retrieved from /opt/airflow/dags/reddit_dag.py
[2024-10-16T22:10:59.192+0000] {processor.py:179} INFO - Processing /opt/airflow/dags/reddit_dag.py took 0.076 seconds
[2024-10-16T22:11:29.287+0000] {processor.py:157} INFO - Started process (PID=122) to work on /opt/airflow/dags/reddit_dag.py
[2024-10-16T22:11:29.290+0000] {processor.py:829} INFO - Processing file /opt/airflow/dags/reddit_dag.py for tasks to queue
[2024-10-16T22:11:29.296+0000] {logging_mixin.py:151} INFO - [2024-10-16T22:11:29.295+0000] {dagbag.py:536} INFO - Filling up the DagBag from /opt/airflow/dags/reddit_dag.py
[2024-10-16T22:11:29.305+0000] {processor.py:841} WARNING - No viable dags retrieved from /opt/airflow/dags/reddit_dag.py
[2024-10-16T22:11:29.336+0000] {processor.py:179} INFO - Processing /opt/airflow/dags/reddit_dag.py took 0.077 seconds
[2024-10-16T22:11:59.856+0000] {processor.py:157} INFO - Started process (PID=123) to work on /opt/airflow/dags/reddit_dag.py
[2024-10-16T22:11:59.878+0000] {processor.py:829} INFO - Processing file /opt/airflow/dags/reddit_dag.py for tasks to queue
[2024-10-16T22:11:59.884+0000] {logging_mixin.py:151} INFO - [2024-10-16T22:11:59.883+0000] {dagbag.py:536} INFO - Filling up the DagBag from /opt/airflow/dags/reddit_dag.py
[2024-10-16T22:11:59.899+0000] {processor.py:841} WARNING - No viable dags retrieved from /opt/airflow/dags/reddit_dag.py
[2024-10-16T22:11:59.918+0000] {processor.py:179} INFO - Processing /opt/airflow/dags/reddit_dag.py took 0.073 seconds
[2024-10-16T22:12:30.416+0000] {processor.py:157} INFO - Started process (PID=124) to work on /opt/airflow/dags/reddit_dag.py
[2024-10-16T22:12:30.420+0000] {processor.py:829} INFO - Processing file /opt/airflow/dags/reddit_dag.py for tasks to queue
[2024-10-16T22:12:30.428+0000] {logging_mixin.py:151} INFO - [2024-10-16T22:12:30.427+0000] {dagbag.py:536} INFO - Filling up the DagBag from /opt/airflow/dags/reddit_dag.py
[2024-10-16T22:12:30.442+0000] {processor.py:841} WARNING - No viable dags retrieved from /opt/airflow/dags/reddit_dag.py
[2024-10-16T22:12:30.480+0000] {processor.py:179} INFO - Processing /opt/airflow/dags/reddit_dag.py took 0.074 seconds
[2024-10-16T22:13:01.072+0000] {processor.py:157} INFO - Started process (PID=125) to work on /opt/airflow/dags/reddit_dag.py
[2024-10-16T22:13:01.075+0000] {processor.py:829} INFO - Processing file /opt/airflow/dags/reddit_dag.py for tasks to queue
[2024-10-16T22:13:01.082+0000] {logging_mixin.py:151} INFO - [2024-10-16T22:13:01.082+0000] {dagbag.py:536} INFO - Filling up the DagBag from /opt/airflow/dags/reddit_dag.py
[2024-10-16T22:13:01.093+0000] {processor.py:841} WARNING - No viable dags retrieved from /opt/airflow/dags/reddit_dag.py
[2024-10-16T22:13:01.140+0000] {processor.py:179} INFO - Processing /opt/airflow/dags/reddit_dag.py took 0.077 seconds
[2024-10-16T22:13:31.652+0000] {processor.py:157} INFO - Started process (PID=126) to work on /opt/airflow/dags/reddit_dag.py
[2024-10-16T22:13:31.655+0000] {processor.py:829} INFO - Processing file /opt/airflow/dags/reddit_dag.py for tasks to queue
[2024-10-16T22:13:31.662+0000] {logging_mixin.py:151} INFO - [2024-10-16T22:13:31.662+0000] {dagbag.py:536} INFO - Filling up the DagBag from /opt/airflow/dags/reddit_dag.py
[2024-10-16T22:13:31.674+0000] {processor.py:841} WARNING - No viable dags retrieved from /opt/airflow/dags/reddit_dag.py
[2024-10-16T22:13:31.697+0000] {processor.py:179} INFO - Processing /opt/airflow/dags/reddit_dag.py took 0.054 seconds
[2024-10-16T22:14:02.145+0000] {processor.py:157} INFO - Started process (PID=127) to work on /opt/airflow/dags/reddit_dag.py
[2024-10-16T22:14:02.148+0000] {processor.py:829} INFO - Processing file /opt/airflow/dags/reddit_dag.py for tasks to queue
[2024-10-16T22:14:02.157+0000] {logging_mixin.py:151} INFO - [2024-10-16T22:14:02.156+0000] {dagbag.py:536} INFO - Filling up the DagBag from /opt/airflow/dags/reddit_dag.py
[2024-10-16T22:14:02.172+0000] {processor.py:841} WARNING - No viable dags retrieved from /opt/airflow/dags/reddit_dag.py
[2024-10-16T22:14:02.216+0000] {processor.py:179} INFO - Processing /opt/airflow/dags/reddit_dag.py took 0.081 seconds
[2024-10-16T22:14:32.657+0000] {processor.py:157} INFO - Started process (PID=128) to work on /opt/airflow/dags/reddit_dag.py
[2024-10-16T22:14:32.670+0000] {processor.py:829} INFO - Processing file /opt/airflow/dags/reddit_dag.py for tasks to queue
[2024-10-16T22:14:32.680+0000] {logging_mixin.py:151} INFO - [2024-10-16T22:14:32.679+0000] {dagbag.py:536} INFO - Filling up the DagBag from /opt/airflow/dags/reddit_dag.py
[2024-10-16T22:14:32.696+0000] {processor.py:841} WARNING - No viable dags retrieved from /opt/airflow/dags/reddit_dag.py
[2024-10-16T22:14:32.772+0000] {processor.py:179} INFO - Processing /opt/airflow/dags/reddit_dag.py took 0.127 seconds
[2024-10-16T22:15:03.288+0000] {processor.py:157} INFO - Started process (PID=129) to work on /opt/airflow/dags/reddit_dag.py
[2024-10-16T22:15:03.291+0000] {processor.py:829} INFO - Processing file /opt/airflow/dags/reddit_dag.py for tasks to queue
[2024-10-16T22:15:03.299+0000] {logging_mixin.py:151} INFO - [2024-10-16T22:15:03.298+0000] {dagbag.py:536} INFO - Filling up the DagBag from /opt/airflow/dags/reddit_dag.py
[2024-10-16T22:15:03.311+0000] {processor.py:841} WARNING - No viable dags retrieved from /opt/airflow/dags/reddit_dag.py
[2024-10-16T22:15:03.361+0000] {processor.py:179} INFO - Processing /opt/airflow/dags/reddit_dag.py took 0.101 seconds
[2024-10-16T22:15:33.926+0000] {processor.py:157} INFO - Started process (PID=130) to work on /opt/airflow/dags/reddit_dag.py
[2024-10-16T22:15:33.930+0000] {processor.py:829} INFO - Processing file /opt/airflow/dags/reddit_dag.py for tasks to queue
[2024-10-16T22:15:33.936+0000] {logging_mixin.py:151} INFO - [2024-10-16T22:15:33.935+0000] {dagbag.py:536} INFO - Filling up the DagBag from /opt/airflow/dags/reddit_dag.py
[2024-10-16T22:15:33.950+0000] {processor.py:841} WARNING - No viable dags retrieved from /opt/airflow/dags/reddit_dag.py
[2024-10-16T22:15:34.002+0000] {processor.py:179} INFO - Processing /opt/airflow/dags/reddit_dag.py took 0.086 seconds
[2024-10-16T22:16:04.447+0000] {processor.py:157} INFO - Started process (PID=131) to work on /opt/airflow/dags/reddit_dag.py
[2024-10-16T22:16:04.451+0000] {processor.py:829} INFO - Processing file /opt/airflow/dags/reddit_dag.py for tasks to queue
[2024-10-16T22:16:04.457+0000] {logging_mixin.py:151} INFO - [2024-10-16T22:16:04.456+0000] {dagbag.py:536} INFO - Filling up the DagBag from /opt/airflow/dags/reddit_dag.py
[2024-10-16T22:16:04.467+0000] {processor.py:841} WARNING - No viable dags retrieved from /opt/airflow/dags/reddit_dag.py
[2024-10-16T22:16:04.516+0000] {processor.py:179} INFO - Processing /opt/airflow/dags/reddit_dag.py took 0.095 seconds
[2024-10-16T22:16:35.069+0000] {processor.py:157} INFO - Started process (PID=132) to work on /opt/airflow/dags/reddit_dag.py
[2024-10-16T22:16:35.072+0000] {processor.py:829} INFO - Processing file /opt/airflow/dags/reddit_dag.py for tasks to queue
[2024-10-16T22:16:35.078+0000] {logging_mixin.py:151} INFO - [2024-10-16T22:16:35.077+0000] {dagbag.py:536} INFO - Filling up the DagBag from /opt/airflow/dags/reddit_dag.py
[2024-10-16T22:16:35.089+0000] {processor.py:841} WARNING - No viable dags retrieved from /opt/airflow/dags/reddit_dag.py
[2024-10-16T22:16:35.132+0000] {processor.py:179} INFO - Processing /opt/airflow/dags/reddit_dag.py took 0.071 seconds
[2024-10-16T22:17:05.750+0000] {processor.py:157} INFO - Started process (PID=133) to work on /opt/airflow/dags/reddit_dag.py
[2024-10-16T22:17:05.752+0000] {processor.py:829} INFO - Processing file /opt/airflow/dags/reddit_dag.py for tasks to queue
[2024-10-16T22:17:05.758+0000] {logging_mixin.py:151} INFO - [2024-10-16T22:17:05.758+0000] {dagbag.py:536} INFO - Filling up the DagBag from /opt/airflow/dags/reddit_dag.py
[2024-10-16T22:17:05.766+0000] {processor.py:841} WARNING - No viable dags retrieved from /opt/airflow/dags/reddit_dag.py
[2024-10-16T22:17:05.786+0000] {processor.py:179} INFO - Processing /opt/airflow/dags/reddit_dag.py took 0.044 seconds
[2024-10-16T22:17:36.293+0000] {processor.py:157} INFO - Started process (PID=134) to work on /opt/airflow/dags/reddit_dag.py
[2024-10-16T22:17:36.295+0000] {processor.py:829} INFO - Processing file /opt/airflow/dags/reddit_dag.py for tasks to queue
[2024-10-16T22:17:36.298+0000] {logging_mixin.py:151} INFO - [2024-10-16T22:17:36.298+0000] {dagbag.py:536} INFO - Filling up the DagBag from /opt/airflow/dags/reddit_dag.py
[2024-10-16T22:17:36.305+0000] {processor.py:841} WARNING - No viable dags retrieved from /opt/airflow/dags/reddit_dag.py
[2024-10-16T22:17:36.317+0000] {processor.py:179} INFO - Processing /opt/airflow/dags/reddit_dag.py took 0.027 seconds
[2024-10-16T22:18:06.824+0000] {processor.py:157} INFO - Started process (PID=135) to work on /opt/airflow/dags/reddit_dag.py
[2024-10-16T22:18:06.827+0000] {processor.py:829} INFO - Processing file /opt/airflow/dags/reddit_dag.py for tasks to queue
[2024-10-16T22:18:06.834+0000] {logging_mixin.py:151} INFO - [2024-10-16T22:18:06.833+0000] {dagbag.py:536} INFO - Filling up the DagBag from /opt/airflow/dags/reddit_dag.py
[2024-10-16T22:18:06.843+0000] {processor.py:841} WARNING - No viable dags retrieved from /opt/airflow/dags/reddit_dag.py
[2024-10-16T22:18:06.880+0000] {processor.py:179} INFO - Processing /opt/airflow/dags/reddit_dag.py took 0.065 seconds
[2024-10-16T22:18:37.324+0000] {processor.py:157} INFO - Started process (PID=136) to work on /opt/airflow/dags/reddit_dag.py
[2024-10-16T22:18:37.335+0000] {processor.py:829} INFO - Processing file /opt/airflow/dags/reddit_dag.py for tasks to queue
[2024-10-16T22:18:37.346+0000] {logging_mixin.py:151} INFO - [2024-10-16T22:18:37.345+0000] {dagbag.py:536} INFO - Filling up the DagBag from /opt/airflow/dags/reddit_dag.py
[2024-10-16T22:18:37.358+0000] {processor.py:841} WARNING - No viable dags retrieved from /opt/airflow/dags/reddit_dag.py
[2024-10-16T22:18:37.388+0000] {processor.py:179} INFO - Processing /opt/airflow/dags/reddit_dag.py took 0.077 seconds
[2024-10-16T22:19:07.960+0000] {processor.py:157} INFO - Started process (PID=137) to work on /opt/airflow/dags/reddit_dag.py
[2024-10-16T22:19:07.963+0000] {processor.py:829} INFO - Processing file /opt/airflow/dags/reddit_dag.py for tasks to queue
[2024-10-16T22:19:07.970+0000] {logging_mixin.py:151} INFO - [2024-10-16T22:19:07.969+0000] {dagbag.py:536} INFO - Filling up the DagBag from /opt/airflow/dags/reddit_dag.py
[2024-10-16T22:19:07.987+0000] {processor.py:841} WARNING - No viable dags retrieved from /opt/airflow/dags/reddit_dag.py
[2024-10-16T22:19:08.030+0000] {processor.py:179} INFO - Processing /opt/airflow/dags/reddit_dag.py took 0.081 seconds
[2024-10-16T22:19:38.704+0000] {processor.py:157} INFO - Started process (PID=138) to work on /opt/airflow/dags/reddit_dag.py
[2024-10-16T22:19:38.707+0000] {processor.py:829} INFO - Processing file /opt/airflow/dags/reddit_dag.py for tasks to queue
[2024-10-16T22:19:38.712+0000] {logging_mixin.py:151} INFO - [2024-10-16T22:19:38.712+0000] {dagbag.py:536} INFO - Filling up the DagBag from /opt/airflow/dags/reddit_dag.py
[2024-10-16T22:19:38.722+0000] {processor.py:841} WARNING - No viable dags retrieved from /opt/airflow/dags/reddit_dag.py
[2024-10-16T22:19:38.760+0000] {processor.py:179} INFO - Processing /opt/airflow/dags/reddit_dag.py took 0.063 seconds
[2024-10-16T22:20:09.215+0000] {processor.py:157} INFO - Started process (PID=139) to work on /opt/airflow/dags/reddit_dag.py
[2024-10-16T22:20:09.218+0000] {processor.py:829} INFO - Processing file /opt/airflow/dags/reddit_dag.py for tasks to queue
[2024-10-16T22:20:09.224+0000] {logging_mixin.py:151} INFO - [2024-10-16T22:20:09.223+0000] {dagbag.py:536} INFO - Filling up the DagBag from /opt/airflow/dags/reddit_dag.py
[2024-10-16T22:20:09.233+0000] {processor.py:841} WARNING - No viable dags retrieved from /opt/airflow/dags/reddit_dag.py
[2024-10-16T22:20:09.261+0000] {processor.py:179} INFO - Processing /opt/airflow/dags/reddit_dag.py took 0.054 seconds
[2024-10-16T22:20:39.800+0000] {processor.py:157} INFO - Started process (PID=140) to work on /opt/airflow/dags/reddit_dag.py
[2024-10-16T22:20:39.808+0000] {processor.py:829} INFO - Processing file /opt/airflow/dags/reddit_dag.py for tasks to queue
[2024-10-16T22:20:39.839+0000] {logging_mixin.py:151} INFO - [2024-10-16T22:20:39.838+0000] {dagbag.py:536} INFO - Filling up the DagBag from /opt/airflow/dags/reddit_dag.py
[2024-10-16T22:20:39.852+0000] {processor.py:841} WARNING - No viable dags retrieved from /opt/airflow/dags/reddit_dag.py
[2024-10-16T22:20:39.907+0000] {processor.py:179} INFO - Processing /opt/airflow/dags/reddit_dag.py took 0.134 seconds
[2024-10-16T22:21:10.550+0000] {processor.py:157} INFO - Started process (PID=141) to work on /opt/airflow/dags/reddit_dag.py
[2024-10-16T22:21:10.554+0000] {processor.py:829} INFO - Processing file /opt/airflow/dags/reddit_dag.py for tasks to queue
[2024-10-16T22:21:10.561+0000] {logging_mixin.py:151} INFO - [2024-10-16T22:21:10.561+0000] {dagbag.py:536} INFO - Filling up the DagBag from /opt/airflow/dags/reddit_dag.py
[2024-10-16T22:21:10.575+0000] {processor.py:841} WARNING - No viable dags retrieved from /opt/airflow/dags/reddit_dag.py
[2024-10-16T22:21:10.636+0000] {processor.py:179} INFO - Processing /opt/airflow/dags/reddit_dag.py took 0.107 seconds
[2024-10-16T22:21:41.184+0000] {processor.py:157} INFO - Started process (PID=142) to work on /opt/airflow/dags/reddit_dag.py
[2024-10-16T22:21:41.188+0000] {processor.py:829} INFO - Processing file /opt/airflow/dags/reddit_dag.py for tasks to queue
[2024-10-16T22:21:41.194+0000] {logging_mixin.py:151} INFO - [2024-10-16T22:21:41.193+0000] {dagbag.py:536} INFO - Filling up the DagBag from /opt/airflow/dags/reddit_dag.py
[2024-10-16T22:21:41.205+0000] {processor.py:841} WARNING - No viable dags retrieved from /opt/airflow/dags/reddit_dag.py
[2024-10-16T22:21:41.237+0000] {processor.py:179} INFO - Processing /opt/airflow/dags/reddit_dag.py took 0.061 seconds
[2024-10-16T22:22:11.738+0000] {processor.py:157} INFO - Started process (PID=143) to work on /opt/airflow/dags/reddit_dag.py
[2024-10-16T22:22:11.745+0000] {processor.py:829} INFO - Processing file /opt/airflow/dags/reddit_dag.py for tasks to queue
[2024-10-16T22:22:11.758+0000] {logging_mixin.py:151} INFO - [2024-10-16T22:22:11.757+0000] {dagbag.py:536} INFO - Filling up the DagBag from /opt/airflow/dags/reddit_dag.py
[2024-10-16T22:22:11.770+0000] {processor.py:841} WARNING - No viable dags retrieved from /opt/airflow/dags/reddit_dag.py
[2024-10-16T22:22:11.796+0000] {processor.py:179} INFO - Processing /opt/airflow/dags/reddit_dag.py took 0.080 seconds
[2024-10-16T22:22:42.378+0000] {processor.py:157} INFO - Started process (PID=144) to work on /opt/airflow/dags/reddit_dag.py
[2024-10-16T22:22:42.424+0000] {processor.py:829} INFO - Processing file /opt/airflow/dags/reddit_dag.py for tasks to queue
[2024-10-16T22:22:42.442+0000] {logging_mixin.py:151} INFO - [2024-10-16T22:22:42.441+0000] {dagbag.py:536} INFO - Filling up the DagBag from /opt/airflow/dags/reddit_dag.py
[2024-10-16T22:22:42.454+0000] {processor.py:841} WARNING - No viable dags retrieved from /opt/airflow/dags/reddit_dag.py
[2024-10-16T22:22:42.499+0000] {processor.py:179} INFO - Processing /opt/airflow/dags/reddit_dag.py took 0.133 seconds
[2024-10-16T22:23:13.008+0000] {processor.py:157} INFO - Started process (PID=145) to work on /opt/airflow/dags/reddit_dag.py
[2024-10-16T22:23:13.012+0000] {processor.py:829} INFO - Processing file /opt/airflow/dags/reddit_dag.py for tasks to queue
[2024-10-16T22:23:13.018+0000] {logging_mixin.py:151} INFO - [2024-10-16T22:23:13.017+0000] {dagbag.py:536} INFO - Filling up the DagBag from /opt/airflow/dags/reddit_dag.py
[2024-10-16T22:23:13.032+0000] {processor.py:841} WARNING - No viable dags retrieved from /opt/airflow/dags/reddit_dag.py
[2024-10-16T22:23:13.079+0000] {processor.py:179} INFO - Processing /opt/airflow/dags/reddit_dag.py took 0.079 seconds
[2024-10-16T22:23:43.477+0000] {processor.py:157} INFO - Started process (PID=146) to work on /opt/airflow/dags/reddit_dag.py
[2024-10-16T22:23:43.480+0000] {processor.py:829} INFO - Processing file /opt/airflow/dags/reddit_dag.py for tasks to queue
[2024-10-16T22:23:43.486+0000] {logging_mixin.py:151} INFO - [2024-10-16T22:23:43.486+0000] {dagbag.py:536} INFO - Filling up the DagBag from /opt/airflow/dags/reddit_dag.py
[2024-10-16T22:23:43.499+0000] {processor.py:841} WARNING - No viable dags retrieved from /opt/airflow/dags/reddit_dag.py
[2024-10-16T22:23:43.524+0000] {processor.py:179} INFO - Processing /opt/airflow/dags/reddit_dag.py took 0.056 seconds
[2024-10-16T22:24:14.153+0000] {processor.py:157} INFO - Started process (PID=147) to work on /opt/airflow/dags/reddit_dag.py
[2024-10-16T22:24:14.166+0000] {processor.py:829} INFO - Processing file /opt/airflow/dags/reddit_dag.py for tasks to queue
[2024-10-16T22:24:14.174+0000] {logging_mixin.py:151} INFO - [2024-10-16T22:24:14.174+0000] {dagbag.py:536} INFO - Filling up the DagBag from /opt/airflow/dags/reddit_dag.py
[2024-10-16T22:24:14.187+0000] {processor.py:841} WARNING - No viable dags retrieved from /opt/airflow/dags/reddit_dag.py
[2024-10-16T22:24:14.211+0000] {processor.py:179} INFO - Processing /opt/airflow/dags/reddit_dag.py took 0.068 seconds
[2024-10-16T22:24:44.740+0000] {processor.py:157} INFO - Started process (PID=148) to work on /opt/airflow/dags/reddit_dag.py
[2024-10-16T22:24:44.743+0000] {processor.py:829} INFO - Processing file /opt/airflow/dags/reddit_dag.py for tasks to queue
[2024-10-16T22:24:44.750+0000] {logging_mixin.py:151} INFO - [2024-10-16T22:24:44.750+0000] {dagbag.py:536} INFO - Filling up the DagBag from /opt/airflow/dags/reddit_dag.py
[2024-10-16T22:24:44.764+0000] {processor.py:841} WARNING - No viable dags retrieved from /opt/airflow/dags/reddit_dag.py
[2024-10-16T22:24:44.792+0000] {processor.py:179} INFO - Processing /opt/airflow/dags/reddit_dag.py took 0.070 seconds
[2024-10-16T22:25:15.456+0000] {processor.py:157} INFO - Started process (PID=149) to work on /opt/airflow/dags/reddit_dag.py
[2024-10-16T22:25:15.464+0000] {processor.py:829} INFO - Processing file /opt/airflow/dags/reddit_dag.py for tasks to queue
[2024-10-16T22:25:15.471+0000] {logging_mixin.py:151} INFO - [2024-10-16T22:25:15.471+0000] {dagbag.py:536} INFO - Filling up the DagBag from /opt/airflow/dags/reddit_dag.py
[2024-10-16T22:25:15.482+0000] {processor.py:841} WARNING - No viable dags retrieved from /opt/airflow/dags/reddit_dag.py
[2024-10-16T22:25:15.507+0000] {processor.py:179} INFO - Processing /opt/airflow/dags/reddit_dag.py took 0.086 seconds
[2024-10-16T22:25:45.967+0000] {processor.py:157} INFO - Started process (PID=150) to work on /opt/airflow/dags/reddit_dag.py
[2024-10-16T22:25:45.970+0000] {processor.py:829} INFO - Processing file /opt/airflow/dags/reddit_dag.py for tasks to queue
[2024-10-16T22:25:45.976+0000] {logging_mixin.py:151} INFO - [2024-10-16T22:25:45.976+0000] {dagbag.py:536} INFO - Filling up the DagBag from /opt/airflow/dags/reddit_dag.py
[2024-10-16T22:25:45.999+0000] {processor.py:841} WARNING - No viable dags retrieved from /opt/airflow/dags/reddit_dag.py
[2024-10-16T22:25:46.022+0000] {processor.py:179} INFO - Processing /opt/airflow/dags/reddit_dag.py took 0.065 seconds
[2024-10-16T22:26:16.531+0000] {processor.py:157} INFO - Started process (PID=151) to work on /opt/airflow/dags/reddit_dag.py
[2024-10-16T22:26:16.533+0000] {processor.py:829} INFO - Processing file /opt/airflow/dags/reddit_dag.py for tasks to queue
[2024-10-16T22:26:16.540+0000] {logging_mixin.py:151} INFO - [2024-10-16T22:26:16.539+0000] {dagbag.py:536} INFO - Filling up the DagBag from /opt/airflow/dags/reddit_dag.py
[2024-10-16T22:26:16.551+0000] {processor.py:841} WARNING - No viable dags retrieved from /opt/airflow/dags/reddit_dag.py
[2024-10-16T22:26:16.593+0000] {processor.py:179} INFO - Processing /opt/airflow/dags/reddit_dag.py took 0.072 seconds
[2024-10-16T22:26:47.214+0000] {processor.py:157} INFO - Started process (PID=152) to work on /opt/airflow/dags/reddit_dag.py
[2024-10-16T22:26:47.220+0000] {processor.py:829} INFO - Processing file /opt/airflow/dags/reddit_dag.py for tasks to queue
[2024-10-16T22:26:47.235+0000] {logging_mixin.py:151} INFO - [2024-10-16T22:26:47.234+0000] {dagbag.py:536} INFO - Filling up the DagBag from /opt/airflow/dags/reddit_dag.py
[2024-10-16T22:26:47.247+0000] {processor.py:841} WARNING - No viable dags retrieved from /opt/airflow/dags/reddit_dag.py
[2024-10-16T22:26:47.273+0000] {processor.py:179} INFO - Processing /opt/airflow/dags/reddit_dag.py took 0.089 seconds
[2024-10-16T22:27:18.180+0000] {processor.py:157} INFO - Started process (PID=153) to work on /opt/airflow/dags/reddit_dag.py
[2024-10-16T22:27:18.183+0000] {processor.py:829} INFO - Processing file /opt/airflow/dags/reddit_dag.py for tasks to queue
[2024-10-16T22:27:18.190+0000] {logging_mixin.py:151} INFO - [2024-10-16T22:27:18.189+0000] {dagbag.py:536} INFO - Filling up the DagBag from /opt/airflow/dags/reddit_dag.py
[2024-10-16T22:27:18.213+0000] {processor.py:841} WARNING - No viable dags retrieved from /opt/airflow/dags/reddit_dag.py
[2024-10-16T22:27:18.238+0000] {processor.py:179} INFO - Processing /opt/airflow/dags/reddit_dag.py took 0.069 seconds
[2024-10-16T22:27:48.633+0000] {processor.py:157} INFO - Started process (PID=154) to work on /opt/airflow/dags/reddit_dag.py
[2024-10-16T22:27:48.637+0000] {processor.py:829} INFO - Processing file /opt/airflow/dags/reddit_dag.py for tasks to queue
[2024-10-16T22:27:48.643+0000] {logging_mixin.py:151} INFO - [2024-10-16T22:27:48.642+0000] {dagbag.py:536} INFO - Filling up the DagBag from /opt/airflow/dags/reddit_dag.py
[2024-10-16T22:27:48.655+0000] {processor.py:841} WARNING - No viable dags retrieved from /opt/airflow/dags/reddit_dag.py
[2024-10-16T22:27:48.699+0000] {processor.py:179} INFO - Processing /opt/airflow/dags/reddit_dag.py took 0.074 seconds
[2024-10-16T22:28:19.203+0000] {processor.py:157} INFO - Started process (PID=155) to work on /opt/airflow/dags/reddit_dag.py
[2024-10-16T22:28:19.206+0000] {processor.py:829} INFO - Processing file /opt/airflow/dags/reddit_dag.py for tasks to queue
[2024-10-16T22:28:19.211+0000] {logging_mixin.py:151} INFO - [2024-10-16T22:28:19.211+0000] {dagbag.py:536} INFO - Filling up the DagBag from /opt/airflow/dags/reddit_dag.py
[2024-10-16T22:28:19.223+0000] {processor.py:841} WARNING - No viable dags retrieved from /opt/airflow/dags/reddit_dag.py
[2024-10-16T22:28:19.246+0000] {processor.py:179} INFO - Processing /opt/airflow/dags/reddit_dag.py took 0.056 seconds
[2024-10-16T22:28:49.745+0000] {processor.py:157} INFO - Started process (PID=156) to work on /opt/airflow/dags/reddit_dag.py
[2024-10-16T22:28:49.748+0000] {processor.py:829} INFO - Processing file /opt/airflow/dags/reddit_dag.py for tasks to queue
[2024-10-16T22:28:49.755+0000] {logging_mixin.py:151} INFO - [2024-10-16T22:28:49.754+0000] {dagbag.py:536} INFO - Filling up the DagBag from /opt/airflow/dags/reddit_dag.py
[2024-10-16T22:28:49.766+0000] {processor.py:841} WARNING - No viable dags retrieved from /opt/airflow/dags/reddit_dag.py
[2024-10-16T22:28:49.807+0000] {processor.py:179} INFO - Processing /opt/airflow/dags/reddit_dag.py took 0.071 seconds
[2024-10-16T22:29:20.390+0000] {processor.py:157} INFO - Started process (PID=157) to work on /opt/airflow/dags/reddit_dag.py
[2024-10-16T22:29:20.395+0000] {processor.py:829} INFO - Processing file /opt/airflow/dags/reddit_dag.py for tasks to queue
[2024-10-16T22:29:20.402+0000] {logging_mixin.py:151} INFO - [2024-10-16T22:29:20.401+0000] {dagbag.py:536} INFO - Filling up the DagBag from /opt/airflow/dags/reddit_dag.py
[2024-10-16T22:29:20.414+0000] {processor.py:841} WARNING - No viable dags retrieved from /opt/airflow/dags/reddit_dag.py
[2024-10-16T22:29:20.441+0000] {processor.py:179} INFO - Processing /opt/airflow/dags/reddit_dag.py took 0.071 seconds
[2024-10-16T22:29:50.985+0000] {processor.py:157} INFO - Started process (PID=158) to work on /opt/airflow/dags/reddit_dag.py
[2024-10-16T22:29:50.989+0000] {processor.py:829} INFO - Processing file /opt/airflow/dags/reddit_dag.py for tasks to queue
[2024-10-16T22:29:50.994+0000] {logging_mixin.py:151} INFO - [2024-10-16T22:29:50.993+0000] {dagbag.py:536} INFO - Filling up the DagBag from /opt/airflow/dags/reddit_dag.py
[2024-10-16T22:29:51.007+0000] {processor.py:841} WARNING - No viable dags retrieved from /opt/airflow/dags/reddit_dag.py
[2024-10-16T22:29:51.033+0000] {processor.py:179} INFO - Processing /opt/airflow/dags/reddit_dag.py took 0.058 seconds
[2024-10-16T22:30:21.456+0000] {processor.py:157} INFO - Started process (PID=159) to work on /opt/airflow/dags/reddit_dag.py
[2024-10-16T22:30:21.459+0000] {processor.py:829} INFO - Processing file /opt/airflow/dags/reddit_dag.py for tasks to queue
[2024-10-16T22:30:21.467+0000] {logging_mixin.py:151} INFO - [2024-10-16T22:30:21.466+0000] {dagbag.py:536} INFO - Filling up the DagBag from /opt/airflow/dags/reddit_dag.py
[2024-10-16T22:30:21.478+0000] {processor.py:841} WARNING - No viable dags retrieved from /opt/airflow/dags/reddit_dag.py
[2024-10-16T22:30:21.506+0000] {processor.py:179} INFO - Processing /opt/airflow/dags/reddit_dag.py took 0.060 seconds
[2024-10-16T23:20:01.519+0000] {processor.py:157} INFO - Started process (PID=160) to work on /opt/airflow/dags/reddit_dag.py
[2024-10-16T23:20:01.529+0000] {processor.py:829} INFO - Processing file /opt/airflow/dags/reddit_dag.py for tasks to queue
[2024-10-16T23:20:01.548+0000] {logging_mixin.py:151} INFO - [2024-10-16T23:20:01.547+0000] {dagbag.py:536} INFO - Filling up the DagBag from /opt/airflow/dags/reddit_dag.py
[2024-10-16T23:20:01.828+0000] {processor.py:841} WARNING - No viable dags retrieved from /opt/airflow/dags/reddit_dag.py
[2024-10-16T23:20:01.870+0000] {processor.py:179} INFO - Processing /opt/airflow/dags/reddit_dag.py took 0.370 seconds
[2024-10-16T23:51:19.827+0000] {processor.py:157} INFO - Started process (PID=161) to work on /opt/airflow/dags/reddit_dag.py
[2024-10-16T23:51:19.832+0000] {processor.py:829} INFO - Processing file /opt/airflow/dags/reddit_dag.py for tasks to queue
[2024-10-16T23:51:19.843+0000] {logging_mixin.py:151} INFO - [2024-10-16T23:51:19.842+0000] {dagbag.py:536} INFO - Filling up the DagBag from /opt/airflow/dags/reddit_dag.py
[2024-10-16T23:51:20.011+0000] {processor.py:841} WARNING - No viable dags retrieved from /opt/airflow/dags/reddit_dag.py
[2024-10-16T23:51:20.090+0000] {processor.py:179} INFO - Processing /opt/airflow/dags/reddit_dag.py took 0.273 seconds
